Log file open, 05/15/19 21:48:51
LogWindows: Failed to load 'aqProf.dll' (GetLastError=126)
LogWindows: File 'aqProf.dll' does not exist
LogWindows: Failed to load 'VtuneApi.dll' (GetLastError=126)
LogWindows: File 'VtuneApi.dll' does not exist
LogWindows: Failed to load 'VtuneApi32e.dll' (GetLastError=126)
LogWindows: File 'VtuneApi32e.dll' does not exist
LogConsoleResponse: Display: Failed to find resolution value strings in scalability ini. Falling back to default.
LogInit: Display: Running engine for game: MazeBlade
LogPakFile: Registered encryption key '00000000000000000000000000000000': 0 pak files mounted, 0 remain pending
LogPlatformFile: Not using cached read wrapper
LogTaskGraph: Started task graph with 5 named threads and 23 total threads with 3 sets of task threads.
LogStats: Stats thread started at 0.386641
LogD3D11RHI: Loaded GFSDK_Aftermath_Lib.x64.dll
LogICUInternationalization: ICU TimeZone Detection - Raw Offset: +1:00, Platform Override: ''
LogPluginManager: Mounting plugin Paper2D
LogPluginManager: Mounting plugin AISupport
LogPluginManager: Mounting plugin LightPropagationVolume
LogPluginManager: Mounting plugin ActorLayerUtilities
LogPluginManager: Mounting plugin AnimationSharing
LogPluginManager: Mounting plugin CLionSourceCodeAccess
LogPluginManager: Mounting plugin CodeLiteSourceCodeAccess
LogPluginManager: Mounting plugin GitSourceControl
LogPluginManager: Mounting plugin KDevelopSourceCodeAccess
LogPluginManager: Mounting plugin NullSourceCodeAccess
LogPluginManager: Mounting plugin PerforceSourceControl
LogPluginManager: Mounting plugin SubversionSourceControl
LogPluginManager: Mounting plugin UObjectPlugin
LogPluginManager: Mounting plugin VisualStudioCodeSourceCodeAccess
LogPluginManager: Mounting plugin VisualStudioSourceCodeAccess
LogPluginManager: Mounting plugin XCodeSourceCodeAccess
LogPluginManager: Mounting plugin AssetManagerEditor
LogPluginManager: Mounting plugin CryptoKeys
LogPluginManager: Mounting plugin DataValidation
LogPluginManager: Mounting plugin FacialAnimation
LogPluginManager: Mounting plugin GameplayTagsEditor
LogPluginManager: Mounting plugin MacGraphicsSwitching
LogPluginManager: Mounting plugin MaterialAnalyzer
LogPluginManager: Mounting plugin MobileLauncherProfileWizard
LogPluginManager: Mounting plugin PluginBrowser
LogPluginManager: Mounting plugin SpeedTreeImporter
LogPluginManager: Mounting plugin DatasmithContent
LogPluginManager: Mounting plugin VariantManagerContent
LogPluginManager: Mounting plugin AlembicImporter
LogPluginManager: Mounting plugin AppleImageUtils
LogPluginManager: Mounting plugin AppleVision
LogPluginManager: Mounting plugin BackChannel
LogPluginManager: Mounting plugin CharacterAI
LogPluginManager: Mounting plugin GeometryCache
LogPluginManager: Mounting plugin HTML5Networking
LogPluginManager: Mounting plugin ProxyLODPlugin
LogPluginManager: Mounting plugin SkeletalReduction
LogPluginManager: Mounting plugin MagicLeap
LogPluginManager: Mounting plugin MagicLeapMedia
LogPluginManager: Mounting plugin AndroidMedia
LogPluginManager: Mounting plugin AvfMedia
LogPluginManager: Mounting plugin ImgMedia
LogPluginManager: Mounting plugin LinearTimecode
LogPluginManager: Mounting plugin MediaCompositing
LogPluginManager: Mounting plugin MediaPlayerEditor
LogPluginManager: Mounting plugin WebMMedia
LogPluginManager: Mounting plugin WmfMedia
LogPluginManager: Mounting plugin TcpMessaging
LogPluginManager: Mounting plugin UdpMessaging
LogPluginManager: Mounting plugin ActorSequence
LogPluginManager: Mounting plugin LevelSequenceEditor
LogPluginManager: Mounting plugin MatineeToLevelSequence
LogPluginManager: Mounting plugin NetcodeUnitTest
LogPluginManager: Mounting plugin NUTUnrealEngine4
LogPluginManager: Mounting plugin OnlineSubsystemGooglePlay
LogPluginManager: Mounting plugin OnlineSubsystemIOS
LogPluginManager: Mounting plugin OnlineSubsystem
LogPluginManager: Mounting plugin OnlineSubsystemNull
LogPluginManager: Mounting plugin OnlineSubsystemUtils
LogPluginManager: Mounting plugin LauncherChunkInstaller
LogPluginManager: Mounting plugin AndroidDeviceProfileSelector
LogPluginManager: Mounting plugin AndroidMoviePlayer
LogPluginManager: Mounting plugin AndroidPermission
LogPluginManager: Mounting plugin AppleMoviePlayer
LogPluginManager: Mounting plugin ArchVisCharacter
LogPluginManager: Mounting plugin AudioCapture
LogPluginManager: Mounting plugin CableComponent
LogPluginManager: Mounting plugin CustomMeshComponent
LogPluginManager: Mounting plugin EditableMesh
LogPluginManager: Mounting plugin ExampleDeviceProfileSelector
LogPluginManager: Mounting plugin Firebase
LogPluginManager: Mounting plugin GoogleCloudMessaging
LogPluginManager: Mounting plugin IOSDeviceProfileSelector
LogPluginManager: Mounting plugin LinuxDeviceProfileSelector
LogPluginManager: Mounting plugin LocationServicesBPLibrary
LogPluginManager: Mounting plugin MobilePatchingUtils
LogPluginManager: Mounting plugin OculusVR
LogPluginManager: Mounting plugin PhysXVehicles
LogPluginManager: Mounting plugin ProceduralMeshComponent
LogPluginManager: Mounting plugin RuntimePhysXCooking
LogPluginManager: Mounting plugin SignificanceManager
LogPluginManager: Mounting plugin SteamVR
LogPluginManager: Mounting plugin WebMMoviePlayer
LogPluginManager: Mounting plugin WindowsMoviePlayer
LogInit: Using libcurl 7.55.1-DEV
LogInit:  - built for x86_64-pc-win32
LogInit:  - supports SSL with OpenSSL/1.1.1
LogInit:  - supports HTTP deflate (compression) using libz 1.2.8
LogInit:  - other features:
LogInit:      CURL_VERSION_SSL
LogInit:      CURL_VERSION_LIBZ
LogInit:      CURL_VERSION_IPV6
LogInit:      CURL_VERSION_ASYNCHDNS
LogInit:      CURL_VERSION_LARGEFILE
LogInit:      CURL_VERSION_IDN
LogInit:  CurlRequestOptions (configurable via config and command line):
LogInit:  - bVerifyPeer = true  - Libcurl will verify peer certificate
LogInit:  - bUseHttpProxy = false  - Libcurl will NOT use HTTP proxy
LogInit:  - bDontReuseConnections = false  - Libcurl will reuse connections
LogInit:  - MaxHostConnections = 16  - Libcurl will limit the number of connections to a host
LogInit:  - LocalHostAddr = Default
LogInit:  - BufferSize = 65536
LogInit: WinSock: version 1.1 (2.2), MaxSocks=32767, MaxUdp=65467
LogInit: Build: ++UE4+Release-4.22-CL-6063286
LogInit: Engine Version: 4.22.1-6063286+++UE4+Release-4.22
LogInit: Compatible Engine Version: 4.22.0-5660361+++UE4+Release-4.22
LogInit: Net CL: 5660361
LogInit: OS: Windows 10 (Release 1809) (), CPU: AMD FX(tm)-8320 Eight-Core Processor           , GPU: AMD Radeon R9 200 Series
LogInit: Compiled (64-bit): Apr 24 2019 04:36:48
LogInit: Compiled with Visual C++: 19.16.27025.01
LogInit: Build Configuration: Development
LogInit: Branch Name: ++UE4+Release-4.22
LogInit: Command Line:  -EpicPortal -epicusername=Prilaroth -epicuserid=8d8ea8b09ac5491eadce0a734734a1ad -epiclocale=es-ES
LogInit: Base Directory: C:/Program Files/Epic Games/UE_4.22/Engine/Binaries/Win64/
LogInit: Installed Engine Build: 1
LogDevObjectVersion: Number of dev versions registered: 23
LogDevObjectVersion:   Dev-Blueprints (B0D832E4-1F89-4F0D-ACCF-7EB736FD4AA2): 10
LogDevObjectVersion:   Dev-Build (E1C64328-A22C-4D53-A36C-8E866417BD8C): 0
LogDevObjectVersion:   Dev-Core (375EC13C-06E4-48FB-B500-84F0262A717E): 3
LogDevObjectVersion:   Dev-Editor (E4B068ED-F494-42E9-A231-DA0B2E46BB41): 30
LogDevObjectVersion:   Dev-Framework (CFFC743F-43B0-4480-9391-14DF171D2073): 35
LogDevObjectVersion:   Dev-Mobile (B02B49B5-BB20-44E9-A304-32B752E40360): 2
LogDevObjectVersion:   Dev-Networking (A4E4105C-59A1-49B5-A7C5-40C4547EDFEE): 0
LogDevObjectVersion:   Dev-Online (39C831C9-5AE6-47DC-9A44-9C173E1C8E7C): 0
LogDevObjectVersion:   Dev-Physics (78F01B33-EBEA-4F98-B9B4-84EACCB95AA2): 0
LogDevObjectVersion:   Dev-Platform (6631380F-2D4D-43E0-8009-CF276956A95A): 0
LogDevObjectVersion:   Dev-Rendering (12F88B9F-8875-4AFC-A67C-D90C383ABD29): 28
LogDevObjectVersion:   Dev-Sequencer (7B5AE74C-D270-4C10-A958-57980B212A5A): 11
LogDevObjectVersion:   Dev-VR (D7296918-1DD6-4BDD-9DE2-64A83CC13884): 2
LogDevObjectVersion:   Dev-LoadTimes (C2A15278-BFE7-4AFE-6C17-90FF531DF755): 1
LogDevObjectVersion:   Private-Geometry (6EACA3D4-40EC-4CC1-B786-8BED09428FC5): 3
LogDevObjectVersion:   Dev-AnimPhys (29E575DD-E0A3-4627-9D10-D276232CDCEA): 17
LogDevObjectVersion:   Dev-Anim (AF43A65D-7FD3-4947-9873-3E8ED9C1BB05): 2
LogDevObjectVersion:   Dev-ReflectionCapture (6B266CEC-1EC7-4B8F-A30B-E4D90942FC07): 1
LogDevObjectVersion:   Dev-Automation (0DF73D61-A23F-47EA-B727-89E90C41499A): 1
LogDevObjectVersion:   FortniteMain (601D1886-AC64-4F84-AA16-D3DE0DEAC7D6): 25
LogDevObjectVersion:   Dev-Enterprise (9DFFBCD6-494F-0158-E221-12823C92A888): 6
LogDevObjectVersion:   Dev-Niagara (F2AED0AC-9AFE-416F-8664-AA7FFA26D6FC): 1
LogDevObjectVersion:   Dev-Destruction (174F1F0B-B4C6-45A5-B13F-2EE8D0FB917D): 2
LogInit: Presizing for max 16777216 objects, including 0 objects not considered by GC, pre-allocating 0 bytes for permanent pool.
LogInit: Object subsystem initialized
LogConfig: Setting CVar [[con.DebugEarlyDefault:1]]
LogConfig: Setting CVar [[r.setres:1280x720]]
[2019.05.15-19.48.52:142][  0]LogConfig: Setting CVar [[r.VSync:0]]
[2019.05.15-19.48.52:142][  0]LogConfig: Setting CVar [[r.RHICmdBypass:0]]
[2019.05.15-19.48.52:142][  0]LogConfig: Applying CVar settings from Section [/Script/Engine.RendererSettings] File [C:/MazeBladeProyect/MazeBlade/MazeBlade/Saved/Config/Windows/Engine.ini]
[2019.05.15-19.48.52:142][  0]LogConfig: Setting CVar [[r.GPUCrashDebugging:0]]
[2019.05.15-19.48.52:142][  0]LogConfig: Applying CVar settings from Section [/Script/Engine.RendererOverrideSettings] File [C:/MazeBladeProyect/MazeBlade/MazeBlade/Saved/Config/Windows/Engine.ini]
[2019.05.15-19.48.52:142][  0]LogConfig: Applying CVar settings from Section [/Script/Engine.StreamingSettings] File [C:/MazeBladeProyect/MazeBlade/MazeBlade/Saved/Config/Windows/Engine.ini]
[2019.05.15-19.48.52:142][  0]LogConfig: Setting CVar [[s.MinBulkDataSizeForAsyncLoading:131072]]
[2019.05.15-19.48.52:142][  0]LogConfig: Setting CVar [[s.AsyncLoadingThreadEnabled:0]]
[2019.05.15-19.48.52:142][  0]LogConfig: Setting CVar [[s.EventDrivenLoaderEnabled:1]]
[2019.05.15-19.48.52:142][  0]LogConfig: Setting CVar [[s.WarnIfTimeLimitExceeded:0]]
[2019.05.15-19.48.52:142][  0]LogConfig: Setting CVar [[s.TimeLimitExceededMultiplier:1.5]]
[2019.05.15-19.48.52:142][  0]LogConfig: Setting CVar [[s.TimeLimitExceededMinTime:0.005]]
[2019.05.15-19.48.52:142][  0]LogConfig: Setting CVar [[s.UseBackgroundLevelStreaming:1]]
[2019.05.15-19.48.52:142][  0]LogConfig: Setting CVar [[s.PriorityAsyncLoadingExtraTime:15.0]]
[2019.05.15-19.48.52:142][  0]LogConfig: Setting CVar [[s.LevelStreamingActorsUpdateTimeLimit:5.0]]
[2019.05.15-19.48.52:142][  0]LogConfig: Setting CVar [[s.PriorityLevelStreamingActorsUpdateExtraTime:5.0]]
[2019.05.15-19.48.52:142][  0]LogConfig: Setting CVar [[s.LevelStreamingComponentsRegistrationGranularity:10]]
[2019.05.15-19.48.52:142][  0]LogConfig: Setting CVar [[s.UnregisterComponentsTimeLimit:1.0]]
[2019.05.15-19.48.52:142][  0]LogConfig: Setting CVar [[s.LevelStreamingComponentsUnregistrationGranularity:5]]
[2019.05.15-19.48.52:142][  0]LogConfig: Applying CVar settings from Section [/Script/Engine.GarbageCollectionSettings] File [C:/MazeBladeProyect/MazeBlade/MazeBlade/Saved/Config/Windows/Engine.ini]
[2019.05.15-19.48.52:142][  0]LogConfig: Setting CVar [[gc.MaxObjectsNotConsideredByGC:1]]
[2019.05.15-19.48.52:142][  0]LogConfig: Setting CVar [[gc.SizeOfPermanentObjectPool:0]]
[2019.05.15-19.48.52:142][  0]LogConfig: Setting CVar [[gc.FlushStreamingOnGC:0]]
[2019.05.15-19.48.52:142][  0]LogConfig: Setting CVar [[gc.NumRetriesBeforeForcingGC:10]]
[2019.05.15-19.48.52:142][  0]LogConfig: Setting CVar [[gc.AllowParallelGC:1]]
[2019.05.15-19.48.52:142][  0]LogConfig: Setting CVar [[gc.TimeBetweenPurgingPendingKillObjects:61.1]]
[2019.05.15-19.48.52:142][  0]LogConfig: Setting CVar [[gc.MaxObjectsInEditor:16777216]]
[2019.05.15-19.48.52:142][  0]LogConfig: Setting CVar [[gc.IncrementalBeginDestroyEnabled:1]]
[2019.05.15-19.48.52:142][  0]LogConfig: Setting CVar [[gc.CreateGCClusters:1]]
[2019.05.15-19.48.52:142][  0]LogConfig: Setting CVar [[gc.MinGCClusterSize:5]]
[2019.05.15-19.48.52:142][  0]LogConfig: Setting CVar [[gc.ActorClusteringEnabled:0]]
[2019.05.15-19.48.52:142][  0]LogConfig: Setting CVar [[gc.BlueprintClusteringEnabled:0]]
[2019.05.15-19.48.52:142][  0]LogConfig: Setting CVar [[gc.UseDisregardForGCOnDedicatedServers:0]]
[2019.05.15-19.48.52:143][  0]LogConfig: Applying CVar settings from Section [/Script/Engine.NetworkSettings] File [C:/MazeBladeProyect/MazeBlade/MazeBlade/Saved/Config/Windows/Engine.ini]
[2019.05.15-19.48.52:143][  0]LogConfig: Applying CVar settings from Section [/Script/UnrealEd.CookerSettings] File [C:/MazeBladeProyect/MazeBlade/MazeBlade/Saved/Config/Windows/Engine.ini]
[2019.05.15-19.48.52:161][  0]LogConfig: Applying CVar settings from Section [ViewDistanceQuality@3] File [C:/MazeBladeProyect/MazeBlade/MazeBlade/Saved/Config/Windows/Scalability.ini]
[2019.05.15-19.48.52:161][  0]LogConfig: Setting CVar [[r.SkeletalMeshLODBias:0]]
[2019.05.15-19.48.52:161][  0]LogConfig: Setting CVar [[r.ViewDistanceScale:1.0]]
[2019.05.15-19.48.52:161][  0]LogConfig: Applying CVar settings from Section [AntiAliasingQuality@3] File [C:/MazeBladeProyect/MazeBlade/MazeBlade/Saved/Config/Windows/Scalability.ini]
[2019.05.15-19.48.52:161][  0]LogConfig: Setting CVar [[r.PostProcessAAQuality:4]]
[2019.05.15-19.48.52:161][  0]LogConfig: Applying CVar settings from Section [ShadowQuality@3] File [C:/MazeBladeProyect/MazeBlade/MazeBlade/Saved/Config/Windows/Scalability.ini]
[2019.05.15-19.48.52:161][  0]LogConfig: Setting CVar [[r.LightFunctionQuality:1]]
[2019.05.15-19.48.52:161][  0]LogConfig: Setting CVar [[r.ShadowQuality:5]]
[2019.05.15-19.48.52:161][  0]LogConfig: Setting CVar [[r.Shadow.CSM.MaxCascades:10]]
[2019.05.15-19.48.52:161][  0]LogConfig: Setting CVar [[r.Shadow.MaxResolution:2048]]
[2019.05.15-19.48.52:161][  0]LogConfig: Setting CVar [[r.Shadow.MaxCSMResolution:2048]]
[2019.05.15-19.48.52:161][  0]LogConfig: Setting CVar [[r.Shadow.RadiusThreshold:0.01]]
[2019.05.15-19.48.52:161][  0]LogConfig: Setting CVar [[r.Shadow.DistanceScale:1.0]]
[2019.05.15-19.48.52:161][  0]LogConfig: Setting CVar [[r.Shadow.CSM.TransitionScale:1.0]]
[2019.05.15-19.48.52:161][  0]LogConfig: Setting CVar [[r.Shadow.PreShadowResolutionFactor:1.0]]
[2019.05.15-19.48.52:161][  0]LogConfig: Setting CVar [[r.DistanceFieldShadowing:1]]
[2019.05.15-19.48.52:161][  0]LogConfig: Setting CVar [[r.DistanceFieldAO:1]]
[2019.05.15-19.48.52:161][  0]LogConfig: Setting CVar [[r.AOQuality:2]]
[2019.05.15-19.48.52:161][  0]LogConfig: Setting CVar [[r.VolumetricFog:1]]
[2019.05.15-19.48.52:161][  0]LogConfig: Setting CVar [[r.VolumetricFog.GridPixelSize:8]]
[2019.05.15-19.48.52:161][  0]LogConfig: Setting CVar [[r.VolumetricFog.GridSizeZ:128]]
[2019.05.15-19.48.52:161][  0]LogConfig: Setting CVar [[r.VolumetricFog.HistoryMissSupersampleCount:4]]
[2019.05.15-19.48.52:161][  0]LogConfig: Setting CVar [[r.LightMaxDrawDistanceScale:1]]
[2019.05.15-19.48.52:161][  0]LogConfig: Setting CVar [[r.CapsuleShadows:1]]
[2019.05.15-19.48.52:161][  0]LogConfig: Applying CVar settings from Section [PostProcessQuality@3] File [C:/MazeBladeProyect/MazeBlade/MazeBlade/Saved/Config/Windows/Scalability.ini]
[2019.05.15-19.48.52:161][  0]LogConfig: Setting CVar [[r.MotionBlurQuality:4]]
[2019.05.15-19.48.52:161][  0]LogConfig: Setting CVar [[r.AmbientOcclusionMipLevelFactor:0.4]]
[2019.05.15-19.48.52:161][  0]LogConfig: Setting CVar [[r.AmbientOcclusionMaxQuality:100]]
[2019.05.15-19.48.52:161][  0]LogConfig: Setting CVar [[r.AmbientOcclusionLevels:-1]]
[2019.05.15-19.48.52:161][  0]LogConfig: Setting CVar [[r.AmbientOcclusionRadiusScale:1.0]]
[2019.05.15-19.48.52:161][  0]LogConfig: Setting CVar [[r.DepthOfFieldQuality:2]]
[2019.05.15-19.48.52:162][  0]LogConfig: Setting CVar [[r.RenderTargetPoolMin:400]]
[2019.05.15-19.48.52:162][  0]LogConfig: Setting CVar [[r.LensFlareQuality:2]]
[2019.05.15-19.48.52:162][  0]LogConfig: Setting CVar [[r.SceneColorFringeQuality:1]]
[2019.05.15-19.48.52:162][  0]LogConfig: Setting CVar [[r.EyeAdaptationQuality:2]]
[2019.05.15-19.48.52:162][  0]LogConfig: Setting CVar [[r.BloomQuality:5]]
[2019.05.15-19.48.52:162][  0]LogConfig: Setting CVar [[r.FastBlurThreshold:100]]
[2019.05.15-19.48.52:162][  0]LogConfig: Setting CVar [[r.Upscale.Quality:3]]
[2019.05.15-19.48.52:162][  0]LogConfig: Setting CVar [[r.Tonemapper.GrainQuantization:1]]
[2019.05.15-19.48.52:162][  0]LogConfig: Setting CVar [[r.LightShaftQuality:1]]
[2019.05.15-19.48.52:162][  0]LogConfig: Setting CVar [[r.Filter.SizeScale:1]]
[2019.05.15-19.48.52:162][  0]LogConfig: Setting CVar [[r.Tonemapper.Quality:5]]
[2019.05.15-19.48.52:162][  0]LogConfig: Setting CVar [[r.DOF.Gather.AccumulatorQuality:1        ; higher gathering accumulator quality]]
[2019.05.15-19.48.52:162][  0]LogConfig: Setting CVar [[r.DOF.Gather.PostfilterMethod:1          ; Median3x3 postfilering method]]
[2019.05.15-19.48.52:162][  0]LogConfig: Setting CVar [[r.DOF.Gather.EnableBokehSettings:0       ; no bokeh simulation when gathering]]
[2019.05.15-19.48.52:162][  0]LogConfig: Setting CVar [[r.DOF.Gather.RingCount:4                 ; medium number of samples when gathering]]
[2019.05.15-19.48.52:162][  0]LogConfig: Setting CVar [[r.DOF.Scatter.ForegroundCompositing:1    ; additive foreground scattering]]
[2019.05.15-19.48.52:162][  0]LogConfig: Setting CVar [[r.DOF.Scatter.BackgroundCompositing:2    ; additive background scattering]]
[2019.05.15-19.48.52:162][  0]LogConfig: Setting CVar [[r.DOF.Scatter.EnableBokehSettings:1      ; bokeh simulation when scattering]]
[2019.05.15-19.48.52:162][  0]LogConfig: Setting CVar [[r.DOF.Scatter.MaxSpriteRatio:0.1         ; only a maximum of 10% of scattered bokeh]]
[2019.05.15-19.48.52:162][  0]LogConfig: Setting CVar [[r.DOF.Recombine.Quality:1                ; cheap slight out of focus]]
[2019.05.15-19.48.52:162][  0]LogConfig: Setting CVar [[r.DOF.Recombine.EnableBokehSettings:0    ; no bokeh simulation on slight out of focus]]
[2019.05.15-19.48.52:162][  0]LogConfig: Setting CVar [[r.DOF.TemporalAAQuality:1                ; more stable temporal accumulation]]
[2019.05.15-19.48.52:162][  0]LogConfig: Setting CVar [[r.DOF.Kernel.MaxForegroundRadius:0.025]]
[2019.05.15-19.48.52:162][  0]LogConfig: Setting CVar [[r.DOF.Kernel.MaxBackgroundRadius:0.025]]
[2019.05.15-19.48.52:162][  0]LogConfig: Applying CVar settings from Section [TextureQuality@3] File [C:/MazeBladeProyect/MazeBlade/MazeBlade/Saved/Config/Windows/Scalability.ini]
[2019.05.15-19.48.52:162][  0]LogConfig: Setting CVar [[r.Streaming.MipBias:0]]
[2019.05.15-19.48.52:162][  0]LogConfig: Setting CVar [[r.Streaming.AmortizeCPUToGPUCopy:0]]
[2019.05.15-19.48.52:162][  0]LogConfig: Setting CVar [[r.Streaming.MaxNumTexturesToStreamPerFrame:0]]
[2019.05.15-19.48.52:162][  0]LogConfig: Setting CVar [[r.Streaming.Boost:1]]
[2019.05.15-19.48.52:162][  0]LogConfig: Setting CVar [[r.MaxAnisotropy:8]]
[2019.05.15-19.48.52:162][  0]LogConfig: Setting CVar [[r.Streaming.LimitPoolSizeToVRAM:0]]
[2019.05.15-19.48.52:162][  0]LogConfig: Setting CVar [[r.Streaming.PoolSize:1000]]
[2019.05.15-19.48.52:162][  0]LogConfig: Setting CVar [[r.Streaming.MaxEffectiveScreenSize:0]]
[2019.05.15-19.48.52:162][  0]LogConfig: Applying CVar settings from Section [EffectsQuality@3] File [C:/MazeBladeProyect/MazeBlade/MazeBlade/Saved/Config/Windows/Scalability.ini]
[2019.05.15-19.48.52:162][  0]LogConfig: Setting CVar [[r.TranslucencyLightingVolumeDim:64]]
[2019.05.15-19.48.52:162][  0]LogConfig: Setting CVar [[r.RefractionQuality:2]]
[2019.05.15-19.48.52:162][  0]LogConfig: Setting CVar [[r.SSR.Quality:3]]
[2019.05.15-19.48.52:162][  0]LogConfig: Setting CVar [[r.SceneColorFormat:4]]
[2019.05.15-19.48.52:162][  0]LogConfig: Setting CVar [[r.DetailMode:2]]
[2019.05.15-19.48.52:162][  0]LogConfig: Setting CVar [[r.TranslucencyVolumeBlur:1]]
[2019.05.15-19.48.52:162][  0]LogConfig: Setting CVar [[r.MaterialQualityLevel:1 ; High quality]]
[2019.05.15-19.48.52:162][  0]LogConfig: Setting CVar [[r.SSS.Scale:1]]
[2019.05.15-19.48.52:162][  0]LogConfig: Setting CVar [[r.SSS.SampleSet:2]]
[2019.05.15-19.48.52:162][  0]LogConfig: Setting CVar [[r.SSS.Quality:1]]
[2019.05.15-19.48.52:162][  0]LogConfig: Setting CVar [[r.SSS.HalfRes:1]]
[2019.05.15-19.48.52:162][  0]LogConfig: Setting CVar [[r.EmitterSpawnRateScale:1.0]]
[2019.05.15-19.48.52:162][  0]LogConfig: Setting CVar [[r.ParticleLightQuality:2]]
[2019.05.15-19.48.52:162][  0]LogConfig: Applying CVar settings from Section [FoliageQuality@3] File [C:/MazeBladeProyect/MazeBlade/MazeBlade/Saved/Config/Windows/Scalability.ini]
[2019.05.15-19.48.52:162][  0]LogConfig: Setting CVar [[foliage.DensityScale:1.0]]
[2019.05.15-19.48.52:163][  0]LogConfig: Setting CVar [[grass.DensityScale:1.0]]
[2019.05.15-19.48.52:163][  0]LogInit: Selected Device Profile: [Windows]
[2019.05.15-19.48.52:163][  0]LogInit: Applying CVar settings loaded from the selected device profile: [Windows]
[2019.05.15-19.48.52:178][  0]LogHAL: Display: Platform has ~ 8 GB [8545718272 / 8589934592 / 8], which maps to Default [LargestMinGB=32, LargerMinGB=12, DefaultMinGB=8, SmallerMinGB=6, SmallestMinGB=0)
[2019.05.15-19.48.52:178][  0]LogConfig: Setting CVar [[r.Vulkan.UseRealUBs:0		; Required until we fix HLR fall-out]]
[2019.05.15-19.48.52:178][  0]LogInit: Going up to parent DeviceProfile []
[2019.05.15-19.48.52:178][  0]LogConfig: Applying CVar settings from Section [ViewDistanceQuality@3] File [C:/MazeBladeProyect/MazeBlade/MazeBlade/Saved/Config/Windows/Scalability.ini]
[2019.05.15-19.48.52:178][  0]LogConfig: Setting CVar [[r.SkeletalMeshLODBias:0]]
[2019.05.15-19.48.52:178][  0]LogConfig: Setting CVar [[r.ViewDistanceScale:1.0]]
[2019.05.15-19.48.52:178][  0]LogConfig: Applying CVar settings from Section [AntiAliasingQuality@3] File [C:/MazeBladeProyect/MazeBlade/MazeBlade/Saved/Config/Windows/Scalability.ini]
[2019.05.15-19.48.52:178][  0]LogConfig: Setting CVar [[r.PostProcessAAQuality:4]]
[2019.05.15-19.48.52:178][  0]LogConfig: Applying CVar settings from Section [ShadowQuality@3] File [C:/MazeBladeProyect/MazeBlade/MazeBlade/Saved/Config/Windows/Scalability.ini]
[2019.05.15-19.48.52:178][  0]LogConfig: Setting CVar [[r.LightFunctionQuality:1]]
[2019.05.15-19.48.52:178][  0]LogConfig: Setting CVar [[r.ShadowQuality:5]]
[2019.05.15-19.48.52:178][  0]LogConfig: Setting CVar [[r.Shadow.CSM.MaxCascades:10]]
[2019.05.15-19.48.52:178][  0]LogConfig: Setting CVar [[r.Shadow.MaxResolution:2048]]
[2019.05.15-19.48.52:178][  0]LogConfig: Setting CVar [[r.Shadow.MaxCSMResolution:2048]]
[2019.05.15-19.48.52:178][  0]LogConfig: Setting CVar [[r.Shadow.RadiusThreshold:0.01]]
[2019.05.15-19.48.52:178][  0]LogConfig: Setting CVar [[r.Shadow.DistanceScale:1.0]]
[2019.05.15-19.48.52:178][  0]LogConfig: Setting CVar [[r.Shadow.CSM.TransitionScale:1.0]]
[2019.05.15-19.48.52:178][  0]LogConfig: Setting CVar [[r.Shadow.PreShadowResolutionFactor:1.0]]
[2019.05.15-19.48.52:178][  0]LogConfig: Setting CVar [[r.DistanceFieldShadowing:1]]
[2019.05.15-19.48.52:178][  0]LogConfig: Setting CVar [[r.DistanceFieldAO:1]]
[2019.05.15-19.48.52:178][  0]LogConfig: Setting CVar [[r.AOQuality:2]]
[2019.05.15-19.48.52:178][  0]LogConfig: Setting CVar [[r.VolumetricFog:1]]
[2019.05.15-19.48.52:178][  0]LogConfig: Setting CVar [[r.VolumetricFog.GridPixelSize:8]]
[2019.05.15-19.48.52:178][  0]LogConfig: Setting CVar [[r.VolumetricFog.GridSizeZ:128]]
[2019.05.15-19.48.52:178][  0]LogConfig: Setting CVar [[r.VolumetricFog.HistoryMissSupersampleCount:4]]
[2019.05.15-19.48.52:178][  0]LogConfig: Setting CVar [[r.LightMaxDrawDistanceScale:1]]
[2019.05.15-19.48.52:178][  0]LogConfig: Setting CVar [[r.CapsuleShadows:1]]
[2019.05.15-19.48.52:178][  0]LogConfig: Applying CVar settings from Section [PostProcessQuality@3] File [C:/MazeBladeProyect/MazeBlade/MazeBlade/Saved/Config/Windows/Scalability.ini]
[2019.05.15-19.48.52:178][  0]LogConfig: Setting CVar [[r.MotionBlurQuality:4]]
[2019.05.15-19.48.52:178][  0]LogConfig: Setting CVar [[r.AmbientOcclusionMipLevelFactor:0.4]]
[2019.05.15-19.48.52:178][  0]LogConfig: Setting CVar [[r.AmbientOcclusionMaxQuality:100]]
[2019.05.15-19.48.52:178][  0]LogConfig: Setting CVar [[r.AmbientOcclusionLevels:-1]]
[2019.05.15-19.48.52:178][  0]LogConfig: Setting CVar [[r.AmbientOcclusionRadiusScale:1.0]]
[2019.05.15-19.48.52:178][  0]LogConfig: Setting CVar [[r.DepthOfFieldQuality:2]]
[2019.05.15-19.48.52:178][  0]LogConfig: Setting CVar [[r.RenderTargetPoolMin:400]]
[2019.05.15-19.48.52:178][  0]LogConfig: Setting CVar [[r.LensFlareQuality:2]]
[2019.05.15-19.48.52:178][  0]LogConfig: Setting CVar [[r.SceneColorFringeQuality:1]]
[2019.05.15-19.48.52:178][  0]LogConfig: Setting CVar [[r.EyeAdaptationQuality:2]]
[2019.05.15-19.48.52:178][  0]LogConfig: Setting CVar [[r.BloomQuality:5]]
[2019.05.15-19.48.52:178][  0]LogConfig: Setting CVar [[r.FastBlurThreshold:100]]
[2019.05.15-19.48.52:178][  0]LogConfig: Setting CVar [[r.Upscale.Quality:3]]
[2019.05.15-19.48.52:178][  0]LogConfig: Setting CVar [[r.Tonemapper.GrainQuantization:1]]
[2019.05.15-19.48.52:178][  0]LogConfig: Setting CVar [[r.LightShaftQuality:1]]
[2019.05.15-19.48.52:178][  0]LogConfig: Setting CVar [[r.Filter.SizeScale:1]]
[2019.05.15-19.48.52:178][  0]LogConfig: Setting CVar [[r.Tonemapper.Quality:5]]
[2019.05.15-19.48.52:178][  0]LogConfig: Setting CVar [[r.DOF.Gather.AccumulatorQuality:1        ; higher gathering accumulator quality]]
[2019.05.15-19.48.52:179][  0]LogConfig: Setting CVar [[r.DOF.Gather.PostfilterMethod:1          ; Median3x3 postfilering method]]
[2019.05.15-19.48.52:179][  0]LogConfig: Setting CVar [[r.DOF.Gather.EnableBokehSettings:0       ; no bokeh simulation when gathering]]
[2019.05.15-19.48.52:179][  0]LogConfig: Setting CVar [[r.DOF.Gather.RingCount:4                 ; medium number of samples when gathering]]
[2019.05.15-19.48.52:179][  0]LogConfig: Setting CVar [[r.DOF.Scatter.ForegroundCompositing:1    ; additive foreground scattering]]
[2019.05.15-19.48.52:179][  0]LogConfig: Setting CVar [[r.DOF.Scatter.BackgroundCompositing:2    ; additive background scattering]]
[2019.05.15-19.48.52:179][  0]LogConfig: Setting CVar [[r.DOF.Scatter.EnableBokehSettings:1      ; bokeh simulation when scattering]]
[2019.05.15-19.48.52:179][  0]LogConfig: Setting CVar [[r.DOF.Scatter.MaxSpriteRatio:0.1         ; only a maximum of 10% of scattered bokeh]]
[2019.05.15-19.48.52:179][  0]LogConfig: Setting CVar [[r.DOF.Recombine.Quality:1                ; cheap slight out of focus]]
[2019.05.15-19.48.52:179][  0]LogConfig: Setting CVar [[r.DOF.Recombine.EnableBokehSettings:0    ; no bokeh simulation on slight out of focus]]
[2019.05.15-19.48.52:179][  0]LogConfig: Setting CVar [[r.DOF.TemporalAAQuality:1                ; more stable temporal accumulation]]
[2019.05.15-19.48.52:179][  0]LogConfig: Setting CVar [[r.DOF.Kernel.MaxForegroundRadius:0.025]]
[2019.05.15-19.48.52:179][  0]LogConfig: Setting CVar [[r.DOF.Kernel.MaxBackgroundRadius:0.025]]
[2019.05.15-19.48.52:179][  0]LogConfig: Applying CVar settings from Section [TextureQuality@3] File [C:/MazeBladeProyect/MazeBlade/MazeBlade/Saved/Config/Windows/Scalability.ini]
[2019.05.15-19.48.52:179][  0]LogConfig: Setting CVar [[r.Streaming.MipBias:0]]
[2019.05.15-19.48.52:179][  0]LogConfig: Setting CVar [[r.Streaming.AmortizeCPUToGPUCopy:0]]
[2019.05.15-19.48.52:179][  0]LogConfig: Setting CVar [[r.Streaming.MaxNumTexturesToStreamPerFrame:0]]
[2019.05.15-19.48.52:179][  0]LogConfig: Setting CVar [[r.Streaming.Boost:1]]
[2019.05.15-19.48.52:179][  0]LogConfig: Setting CVar [[r.MaxAnisotropy:8]]
[2019.05.15-19.48.52:179][  0]LogConfig: Setting CVar [[r.Streaming.LimitPoolSizeToVRAM:0]]
[2019.05.15-19.48.52:179][  0]LogConfig: Setting CVar [[r.Streaming.PoolSize:1000]]
[2019.05.15-19.48.52:179][  0]LogConfig: Setting CVar [[r.Streaming.MaxEffectiveScreenSize:0]]
[2019.05.15-19.48.52:179][  0]LogConfig: Applying CVar settings from Section [EffectsQuality@3] File [C:/MazeBladeProyect/MazeBlade/MazeBlade/Saved/Config/Windows/Scalability.ini]
[2019.05.15-19.48.52:179][  0]LogConfig: Setting CVar [[r.TranslucencyLightingVolumeDim:64]]
[2019.05.15-19.48.52:179][  0]LogConfig: Setting CVar [[r.RefractionQuality:2]]
[2019.05.15-19.48.52:179][  0]LogConfig: Setting CVar [[r.SSR.Quality:3]]
[2019.05.15-19.48.52:179][  0]LogConfig: Setting CVar [[r.SceneColorFormat:4]]
[2019.05.15-19.48.52:179][  0]LogConfig: Setting CVar [[r.DetailMode:2]]
[2019.05.15-19.48.52:179][  0]LogConfig: Setting CVar [[r.TranslucencyVolumeBlur:1]]
[2019.05.15-19.48.52:179][  0]LogConfig: Setting CVar [[r.MaterialQualityLevel:1 ; High quality]]
[2019.05.15-19.48.52:179][  0]LogConfig: Setting CVar [[r.SSS.Scale:1]]
[2019.05.15-19.48.52:179][  0]LogConfig: Setting CVar [[r.SSS.SampleSet:2]]
[2019.05.15-19.48.52:179][  0]LogConfig: Setting CVar [[r.SSS.Quality:1]]
[2019.05.15-19.48.52:179][  0]LogConfig: Setting CVar [[r.SSS.HalfRes:1]]
[2019.05.15-19.48.52:179][  0]LogConfig: Setting CVar [[r.EmitterSpawnRateScale:1.0]]
[2019.05.15-19.48.52:179][  0]LogConfig: Setting CVar [[r.ParticleLightQuality:2]]
[2019.05.15-19.48.52:179][  0]LogConfig: Applying CVar settings from Section [FoliageQuality@3] File [C:/MazeBladeProyect/MazeBlade/MazeBlade/Saved/Config/Windows/Scalability.ini]
[2019.05.15-19.48.52:179][  0]LogConfig: Setting CVar [[foliage.DensityScale:1.0]]
[2019.05.15-19.48.52:180][  0]LogConfig: Setting CVar [[grass.DensityScale:1.0]]
[2019.05.15-19.48.52:180][  0]LogConfig: Applying CVar settings from Section [Startup] File [../../../Engine/Config/ConsoleVariables.ini]
[2019.05.15-19.48.52:180][  0]LogConfig: Setting CVar [[net.UseAdaptiveNetUpdateFrequency:0]]
[2019.05.15-19.48.52:180][  0]LogConfig: Setting CVar [[p.chaos.AllowCreatePhysxBodies:1]]
[2019.05.15-19.48.52:180][  0]LogConfig: Applying CVar settings from Section [ConsoleVariables] File [C:/MazeBladeProyect/MazeBlade/MazeBlade/Saved/Config/Windows/Engine.ini]
[2019.05.15-19.48.52:180][  0]LogInit: Computer: DESKTOP-63UPU5K
[2019.05.15-19.48.52:180][  0]LogInit: User: Prilaroth
[2019.05.15-19.48.52:180][  0]LogInit: CPU Page size=4096, Cores=4
[2019.05.15-19.48.52:180][  0]LogInit: High frequency timer resolution =10.000000 MHz
[2019.05.15-19.48.52:181][  0]LogMemory: Memory total: Physical=8.0GB (8GB approx)
[2019.05.15-19.48.52:181][  0]LogMemory: Platform Memory Stats for Windows
[2019.05.15-19.48.52:181][  0]LogMemory: Process Physical Memory: 96.26 MB used, 96.27 MB peak
[2019.05.15-19.48.52:181][  0]LogMemory: Process Virtual Memory: 90.31 MB used, 90.31 MB peak
[2019.05.15-19.48.52:181][  0]LogMemory: Physical Memory: 4733.84 MB used,  3415.99 MB free, 8149.83 MB total
[2019.05.15-19.48.52:181][  0]LogMemory: Virtual Memory: 4643.67 MB used,  134213088.00 MB free, 134217728.00 MB total
[2019.05.15-19.48.52:215][  0]LogInit: Using OS detected language (es-ES).
[2019.05.15-19.48.52:215][  0]LogInit: Using OS detected locale (es-ES).
[2019.05.15-19.48.52:217][  0]LogTextLocalizationManager: No specific localization for 'es-ES' exists, so the 'es' localization will be used.
[2019.05.15-19.48.52:297][  0]LogInit: Setting process to per monitor DPI aware
[2019.05.15-19.48.52:378][  0]LogSlate: New Slate User Created.  User Index 0, Is Virtual User: 0
[2019.05.15-19.48.52:378][  0]LogSlate: Slate User Registered.  User Index 0, Is Virtual User: 0
[2019.05.15-19.48.52:676][  0]LogHMD: Failed to initialize OpenVR with code 110
[2019.05.15-19.48.52:676][  0]LogD3D11RHI: D3D11 adapters:
[2019.05.15-19.48.52:703][  0]LogD3D11RHI:    0. 'AMD Radeon R9 200 Series' (Feature Level 11_0)
[2019.05.15-19.48.52:703][  0]LogD3D11RHI:       2028/0/4074 MB DedicatedVideo/DedicatedSystem/SharedSystem, Outputs:2, VendorId:0x1002
[2019.05.15-19.48.52:707][  0]LogD3D11RHI:    1. 'Microsoft Basic Render Driver' (Feature Level 11_0)
[2019.05.15-19.48.52:707][  0]LogD3D11RHI:       0/0/4074 MB DedicatedVideo/DedicatedSystem/SharedSystem, Outputs:0, VendorId:0x1414
[2019.05.15-19.48.52:707][  0]LogD3D11RHI: Chosen D3D11 Adapter: 0
[2019.05.15-19.48.52:716][  0]LogD3D11RHI: Creating new Direct3DDevice
[2019.05.15-19.48.52:716][  0]LogD3D11RHI:     GPU DeviceId: 0x6810 (for the marketing name, search the web for "GPU Device Id")
[2019.05.15-19.48.52:716][  0]LogWindows: EnumDisplayDevices:
[2019.05.15-19.48.52:717][  0]LogWindows:    0. 'AMD Radeon R9 200 Series' (P:1 D:1)
[2019.05.15-19.48.52:717][  0]LogWindows:    1. 'AMD Radeon R9 200 Series' (P:0 D:1)
[2019.05.15-19.48.52:718][  0]LogWindows:    2. 'AMD Radeon R9 200 Series' (P:0 D:0)
[2019.05.15-19.48.52:718][  0]LogWindows:    3. 'AMD Radeon R9 200 Series' (P:0 D:0)
[2019.05.15-19.48.52:719][  0]LogWindows:    4. 'AMD Radeon R9 200 Series' (P:0 D:0)
[2019.05.15-19.48.52:719][  0]LogWindows:    5. 'AMD Radeon R9 200 Series' (P:0 D:0)
[2019.05.15-19.48.52:720][  0]LogWindows:    6. 'AMD Radeon R9 200 Series' (P:0 D:0)
[2019.05.15-19.48.52:721][  0]LogWindows:    7. 'AMD Radeon R9 200 Series' (P:0 D:0)
[2019.05.15-19.48.52:721][  0]LogWindows: DebugString: FoundDriverCount:8 
[2019.05.15-19.48.52:721][  0]LogD3D11RHI:     Adapter Name: AMD Radeon R9 200 Series
[2019.05.15-19.48.52:721][  0]LogD3D11RHI:   Driver Version: Adrenalin 2019 19.4.1 (internal:25.20.15031.1000, unified:25.20.15031.1000)
[2019.05.15-19.48.52:721][  0]LogD3D11RHI:      Driver Date: 3-26-2019
[2019.05.15-19.48.52:721][  0]LogRHI: Texture pool is 1419 MB (70% of 2028 MB)
[2019.05.15-19.48.52:773][  0]LogD3D11RHI: Async texture creation enabled
[2019.05.15-19.48.52:779][  0]LogRendererCore: FGlobalReadBuffer::InitRHI
[2019.05.15-19.48.52:779][  0]LogRendererCore: FGlobalReadBuffer::InitRHI
[2019.05.15-19.48.52:779][  0]LogRendererCore: FGlobalReadBuffer::InitRHI
[2019.05.15-19.48.52:786][  0]LogD3D11RHI: GPU Timing Frequency: 27.000000 (Debug: 2 1)
[2019.05.15-19.48.53:243][  0]LogTemp: Display: Module 'AllDesktopTargetPlatform' loaded TargetPlatform 'AllDesktop'
[2019.05.15-19.48.53:270][  0]LogTemp: Display: Module 'MacClientTargetPlatform' loaded TargetPlatform 'MacClient'
[2019.05.15-19.48.53:295][  0]LogTemp: Display: Module 'MacNoEditorTargetPlatform' loaded TargetPlatform 'MacNoEditor'
[2019.05.15-19.48.53:319][  0]LogTemp: Display: Module 'MacServerTargetPlatform' loaded TargetPlatform 'MacServer'
[2019.05.15-19.48.53:345][  0]LogTemp: Display: Module 'MacTargetPlatform' loaded TargetPlatform 'Mac'
[2019.05.15-19.48.53:370][  0]LogTemp: Display: Module 'WindowsClientTargetPlatform' loaded TargetPlatform 'WindowsClient'
[2019.05.15-19.48.53:396][  0]LogTemp: Display: Module 'WindowsNoEditorTargetPlatform' loaded TargetPlatform 'WindowsNoEditor'
[2019.05.15-19.48.53:422][  0]LogTemp: Display: Module 'WindowsServerTargetPlatform' loaded TargetPlatform 'WindowsServer'
[2019.05.15-19.48.53:434][  0]LogTemp: Display: Module 'WindowsTargetPlatform' loaded TargetPlatform 'Windows'
[2019.05.15-19.48.53:573][  0]LogTemp: Display: Module 'AndroidTargetPlatform' loaded TargetPlatform 'Android'
[2019.05.15-19.48.53:573][  0]LogTemp: Display: Module 'AndroidTargetPlatform' loaded TargetPlatform 'Android_ASTC'
[2019.05.15-19.48.53:573][  0]LogTemp: Display: Module 'AndroidTargetPlatform' loaded TargetPlatform 'Android_ATC'
[2019.05.15-19.48.53:573][  0]LogTemp: Display: Module 'AndroidTargetPlatform' loaded TargetPlatform 'Android_DXT'
[2019.05.15-19.48.53:573][  0]LogTemp: Display: Module 'AndroidTargetPlatform' loaded TargetPlatform 'Android_ETC1'
[2019.05.15-19.48.53:573][  0]LogTemp: Display: Module 'AndroidTargetPlatform' loaded TargetPlatform 'Android_ETC1a'
[2019.05.15-19.48.53:573][  0]LogTemp: Display: Module 'AndroidTargetPlatform' loaded TargetPlatform 'Android_ETC2'
[2019.05.15-19.48.53:573][  0]LogTemp: Display: Module 'AndroidTargetPlatform' loaded TargetPlatform 'Android_PVRTC'
[2019.05.15-19.48.53:573][  0]LogTemp: Display: Module 'AndroidTargetPlatform' loaded TargetPlatform 'AndroidClient'
[2019.05.15-19.48.53:573][  0]LogTemp: Display: Module 'AndroidTargetPlatform' loaded TargetPlatform 'Android_ASTCClient'
[2019.05.15-19.48.53:573][  0]LogTemp: Display: Module 'AndroidTargetPlatform' loaded TargetPlatform 'Android_ATCClient'
[2019.05.15-19.48.53:573][  0]LogTemp: Display: Module 'AndroidTargetPlatform' loaded TargetPlatform 'Android_DXTClient'
[2019.05.15-19.48.53:573][  0]LogTemp: Display: Module 'AndroidTargetPlatform' loaded TargetPlatform 'Android_ETC1Client'
[2019.05.15-19.48.53:573][  0]LogTemp: Display: Module 'AndroidTargetPlatform' loaded TargetPlatform 'Android_ETC1aClient'
[2019.05.15-19.48.53:573][  0]LogTemp: Display: Module 'AndroidTargetPlatform' loaded TargetPlatform 'Android_ETC2Client'
[2019.05.15-19.48.53:573][  0]LogTemp: Display: Module 'AndroidTargetPlatform' loaded TargetPlatform 'Android_PVRTCClient'
[2019.05.15-19.48.53:573][  0]LogTemp: Display: Module 'AndroidTargetPlatform' loaded TargetPlatform 'Android_Multi'
[2019.05.15-19.48.53:573][  0]LogTemp: Display: Module 'AndroidTargetPlatform' loaded TargetPlatform 'Android_MultiClient'
[2019.05.15-19.48.53:576][  0]LogTemp: Display: Module 'HTML5TargetPlatform' loaded TargetPlatform 'HTML5'
[2019.05.15-19.48.53:647][  0]LogTemp: Display: Module 'IOSTargetPlatform' loaded TargetPlatform 'IOSClient'
[2019.05.15-19.48.53:647][  0]LogTemp: Display: Module 'IOSTargetPlatform' loaded TargetPlatform 'IOS'
[2019.05.15-19.48.53:693][  0]LogTemp: Display: Module 'TVOSTargetPlatform' loaded TargetPlatform 'TVOSClient'
[2019.05.15-19.48.53:693][  0]LogTemp: Display: Module 'TVOSTargetPlatform' loaded TargetPlatform 'TVOS'
[2019.05.15-19.48.53:716][  0]LogTemp: Display: Module 'LinuxClientTargetPlatform' loaded TargetPlatform 'LinuxClient'
[2019.05.15-19.48.53:737][  0]LogTemp: Display: Module 'LinuxNoEditorTargetPlatform' loaded TargetPlatform 'LinuxNoEditor'
[2019.05.15-19.48.53:759][  0]LogTemp: Display: Module 'LinuxServerTargetPlatform' loaded TargetPlatform 'LinuxServer'
[2019.05.15-19.48.53:781][  0]LogTemp: Display: Module 'LinuxTargetPlatform' loaded TargetPlatform 'Linux'
[2019.05.15-19.48.53:859][  0]LogTemp: Display: Module 'LuminTargetPlatform' loaded TargetPlatform 'Lumin'
[2019.05.15-19.48.53:859][  0]LogTemp: Display: Module 'LuminTargetPlatform' loaded TargetPlatform 'LuminClient'
[2019.05.15-19.48.53:860][  0]LogTargetPlatformManager: Display: Building Assets For Windows
[2019.05.15-19.48.53:874][  0]LogAudioDebug: Display: Lib vorbis DLL was dynamically loaded.
[2019.05.15-19.48.53:958][  0]LogShaderCompilers: Guid format shader working directory is -4 characters bigger than the processId version (../../../../../../MazeBladeProyect/MazeBlade/MazeBlade/Intermediate/Shaders/WorkingDirectory/7608/).
[2019.05.15-19.48.53:958][  0]LogShaderCompilers: Cleaned the shader compiler working directory 'C:/Users/Prilaroth/AppData/Local/Temp/UnrealShaderWorkingDir/D404252F42D3E6491CC6449636F8901E/'.
[2019.05.15-19.48.53:962][  0]LogXGEController: Cannot use XGE Controller as Incredibuild is not installed on this machine.
[2019.05.15-19.48.53:962][  0]LogShaderCompilers: Cannot use XGE Shader Compiler as Incredibuild is not installed on this machine.
[2019.05.15-19.48.53:962][  0]LogShaderCompilers: Display: Using Local Shader Compiler.
[2019.05.15-19.48.54:973][  0]LogDerivedDataCache: Display: Max Cache Size: 512 MB
[2019.05.15-19.48.55:056][  0]LogDerivedDataCache: Loaded boot cache 0.08s 71MB C:/Users/Prilaroth/AppData/Local/UnrealEngine/4.22/DerivedDataCache/Boot.ddc.
[2019.05.15-19.48.55:056][  0]LogDerivedDataCache: Display: Loaded Boot cache: C:/Users/Prilaroth/AppData/Local/UnrealEngine/4.22/DerivedDataCache/Boot.ddc
[2019.05.15-19.48.55:056][  0]LogDerivedDataCache: FDerivedDataBackendGraph:  Pak pak cache file ../../../../../../MazeBladeProyect/MazeBlade/MazeBlade/DerivedDataCache/DDC.ddp not found, will not use a pak cache.
[2019.05.15-19.48.55:056][  0]LogDerivedDataCache: Unable to find inner node Pak for hierarchical cache Hierarchy.
[2019.05.15-19.48.55:056][  0]LogDerivedDataCache: FDerivedDataBackendGraph:  CompressedPak pak cache file ../../../../../../MazeBladeProyect/MazeBlade/MazeBlade/DerivedDataCache/Compressed.ddp not found, will not use a pak cache.
[2019.05.15-19.48.55:056][  0]LogDerivedDataCache: Unable to find inner node CompressedPak for hierarchical cache Hierarchy.
[2019.05.15-19.48.55:073][  0]LogDerivedDataCache: Display: Pak cache opened for reading ../../../Engine/DerivedDataCache/Compressed.ddp.
[2019.05.15-19.48.55:073][  0]LogDerivedDataCache: FDerivedDataBackendGraph:  EnterprisePak pak cache file ../../../Enterprise/DerivedDataCache/Compressed.ddp not found, will not use a pak cache.
[2019.05.15-19.48.55:073][  0]LogDerivedDataCache: Unable to find inner node EnterprisePak for hierarchical cache Hierarchy.
[2019.05.15-19.48.55:086][  0]LogDerivedDataCache: Using Local data cache path C:/Users/Prilaroth/AppData/Local/UnrealEngine/Common/DerivedDataCache: Writable
[2019.05.15-19.48.55:086][  0]LogDerivedDataCache: Shared data cache path not found in *engine.ini, will not use an Shared cache.
[2019.05.15-19.48.55:086][  0]LogDerivedDataCache: Unable to find inner node Shared for hierarchical cache Hierarchy.
[2019.05.15-19.48.55:126][  0]LogMaterial: Verifying Global Shaders for PCD3D_SM5
[2019.05.15-19.48.55:127][  0]LogSlate: Using FreeType 2.6.0
[2019.05.15-19.48.55:128][  0]LogSlate: SlateFontServices - WITH_FREETYPE: 1, WITH_HARFBUZZ: 1
[2019.05.15-19.48.55:262][  0]LogAssetRegistry: FAssetRegistry took 0.0417 seconds to start up
[2019.05.15-19.48.55:841][  0]LogInit: Selected Device Profile: [Windows]
[2019.05.15-19.48.56:043][  0]LogMeshReduction: Using QuadricMeshReduction for automatic static mesh reduction
[2019.05.15-19.48.56:043][  0]LogMeshReduction: Using SimplygonMeshReduction for automatic skeletal mesh reduction
[2019.05.15-19.48.56:043][  0]LogMeshReduction: Using ProxyLODMeshReduction for automatic mesh merging
[2019.05.15-19.48.56:043][  0]LogMeshReduction: No distributed automatic mesh merging module available
[2019.05.15-19.48.56:044][  0]LogMeshMerging: No distributed automatic mesh merging module available
[2019.05.15-19.48.56:063][  0]LogNetVersion: MazeBlade 1.0.0, NetCL: 5660361, EngineNetVer: 10, GameNetVer: 0 (Checksum: 4015205227)
[2019.05.15-19.48.56:651][  0]LogPackageLocalizationCache: Processed 10 localized package path(s) for 1 prioritized culture(s) in 0.046340 seconds
[2019.05.15-19.48.56:660][  0]LogUObjectArray: 42205 objects as part of root set at end of initial load.
[2019.05.15-19.48.56:660][  0]LogUObjectAllocator: 7325032 out of 0 bytes used by permanent object pool.
[2019.05.15-19.48.56:660][  0]LogUObjectArray: CloseDisregardForGC: 0/0 objects in disregard for GC pool
[2019.05.15-19.48.57:977][  0]LogTcpMessaging: Initializing TcpMessaging bridge
[2019.05.15-19.48.57:992][  0]LogUdpMessaging: Initializing bridge on interface 0.0.0.0:0 to multicast group 230.0.0.1:6666.
[2019.05.15-19.48.58:128][  0]SourceControl: El control de código fuente está desactivado
[2019.05.15-19.48.58:128][  0]SourceControl: El control de código fuente está desactivado
[2019.05.15-19.48.58:129][  0]SourceControl: El control de código fuente está desactivado
[2019.05.15-19.48.58:131][  0]SourceControl: El control de código fuente está desactivado
[2019.05.15-19.48.58:143][  0]LogVSAccessor: Display: Unable to create Visual Studio setup instance: 80040154
[2019.05.15-19.48.58:144][  0]LogVSAccessor: Display: Unable to create Visual Studio setup instance: 80040154
[2019.05.15-19.48.58:255][  0]LogAndroidPermission: UAndroidPermissionCallbackProxy::GetInstance
[2019.05.15-19.48.58:415][  0]LogOcInput: OculusInput pre-init called
[2019.05.15-19.48.59:491][  0]LogEngine: Initializing Engine...
[2019.05.15-19.48.59:492][  0]LogHMD: Failed to initialize OpenVR with code 110
[2019.05.15-19.48.59:494][  0]LogStats: UGameplayTagsManager::InitializeManager -  0.000 s
[2019.05.15-19.48.59:795][  0]LogInit: Initializing FReadOnlyCVARCache
[2019.05.15-19.48.59:821][  0]LogAIModule: Creating AISystem for world Untitled
[2019.05.15-19.48.59:872][  0]LogInit: XAudio2 using 'Auriculares (2- JBL T110BT Stereo)' : 2 channels at 44.1 kHz using 16 bits per sample (channel mask 0x3)
[2019.05.15-19.48.59:902][  0]LogInit: FAudioDevice initialized.
[2019.05.15-19.48.59:903][  0]LogNetVersion: Set ProjectVersion to 1.0.0.0. Version Checksum will be recalculated on next use.
[2019.05.15-19.49.00:037][  0]LogDerivedDataCache: Saved boot cache 0.13s 71MB C:/Users/Prilaroth/AppData/Local/UnrealEngine/4.22/DerivedDataCache/Boot.ddc.
[2019.05.15-19.49.00:038][  0]LogInit: Texture streaming: Enabled
[2019.05.15-19.49.00:069][  0]LogEngineSessionManager: EngineSessionManager initialized
[2019.05.15-19.49.00:102][  0]LogInit: Transaction tracking system initialized
[2019.05.15-19.49.00:144][  0]BlueprintLog: New page: Cargar el editor
[2019.05.15-19.49.00:317][  0]LocalizationService: Localization service is disabled
[2019.05.15-19.49.00:532][  0]LogVSAccessor: Display: Unable to create Visual Studio setup instance: 80040154
[2019.05.15-19.49.00:533][  0]LogVSAccessor: Display: Unable to create Visual Studio setup instance: 80040154
[2019.05.15-19.49.00:776][  0]LogFileCache: Scanning file cache for directory 'C:/MazeBladeProyect/MazeBlade/MazeBlade/Content/' took 0.02s
[2019.05.15-19.49.00:776][  0]LogCook: Display: Max memory allowance for cook 16384mb min free memory 0mb
[2019.05.15-19.49.00:776][  0]LogCook: Display: Mobile HDR setting 1
[2019.05.15-19.49.01:068][  0]SourceControl: El control de código fuente está desactivado
[2019.05.15-19.49.01:069][  0]Cmd: MAP LOAD FILE="../../../../../../MazeBladeProyect/MazeBlade/MazeBlade/Content/ThirdPersonBP/Maps/ThirdPersonExampleMap.umap" TEMPLATE=0 SHOWPROGRESS=1 FEATURELEVEL=3
[2019.05.15-19.49.01:069][  0]LightingResults: New page: Diseñar la iluminación
[2019.05.15-19.49.01:074][  0]MapCheck: New page: Revisión del mapa
[2019.05.15-19.49.01:074][  0]LightingResults: New page: Diseñar la iluminación
[2019.05.15-19.49.01:212][  0]LogUObjectHash: Compacting FUObjectHashTables data took   2.87ms
[2019.05.15-19.49.01:593][  0]LogAIModule: Creating AISystem for world ThirdPersonExampleMap
[2019.05.15-19.49.01:604][  0]LogEditorServer: Finished looking for orphan Actors (0.000 secs)
[2019.05.15-19.49.01:740][  0]LogUObjectHash: Compacting FUObjectHashTables data took   3.88ms
[2019.05.15-19.49.01:741][  0]Cmd: MAP CHECKDEP NOCLEARLOG
[2019.05.15-19.49.01:741][  0]MapCheck: Map check complete: 0 Error(s), 0 Warning(s), took 0,193ms to complete.
[2019.05.15-19.49.01:741][  0]LogFileHelpers: Loading map 'ThirdPersonExampleMap' took 0.673
[2019.05.15-19.49.01:910][  0]LogSlate: Updating window title bar state: overlay mode, drag disabled, window buttons hidden, title bar hidden
[2019.05.15-19.49.01:923][  0]LogSlate: Updating window title bar state: overlay mode, drag disabled, window buttons hidden, title bar hidden
[2019.05.15-19.49.01:934][  0]LogSlate: Updating window title bar state: overlay mode, drag disabled, window buttons hidden, title bar hidden
[2019.05.15-19.49.01:947][  0]LogSlate: Updating window title bar state: overlay mode, drag disabled, window buttons hidden, title bar hidden
[2019.05.15-19.49.01:958][  0]LogCollectionManager: Loaded 0 collections in 0.003182 seconds
[2019.05.15-19.49.02:006][  0]LogFileCache: Scanning file cache for directory 'C:/MazeBladeProyect/MazeBlade/MazeBlade/Saved/Collections/' took 0.01s
[2019.05.15-19.49.02:006][  0]LogFileCache: Scanning file cache for directory 'C:/MazeBladeProyect/MazeBlade/MazeBlade/Content/Developers/Prilaroth/Collections/' took 0.01s
[2019.05.15-19.49.02:006][  0]LogFileCache: Scanning file cache for directory 'C:/MazeBladeProyect/MazeBlade/MazeBlade/Content/Collections/' took 0.01s
[2019.05.15-19.49.02:006][  0]LogCollectionManager: Rebuilt the GUID cache for 0 collections in 0.000000 seconds
[2019.05.15-19.49.02:028][  0]LogContentBrowser: Native class hierarchy populated in 0.0214 seconds. Added 2733 classes and 661 folders.
[2019.05.15-19.49.02:048][  0]LogContentBrowser: Native class hierarchy updated for 'WidgetCarousel' in 0.0004 seconds. Added 0 classes and 0 folders.
[2019.05.15-19.49.02:051][  0]LogPakFile: Registered encryption key '00000000000000000000000000000000': 0 pak files mounted, 0 remain pending
[2019.05.15-19.49.02:053][  0]LogPakFile: Registered encryption key '00000000000000000000000000000000': 0 pak files mounted, 0 remain pending
[2019.05.15-19.49.02:054][  0]LogPakFile: Registered encryption key '00000000000000000000000000000000': 0 pak files mounted, 0 remain pending
[2019.05.15-19.49.02:055][  0]LogPakFile: Registered encryption key '00000000000000000000000000000000': 0 pak files mounted, 0 remain pending
[2019.05.15-19.49.02:056][  0]LogPakFile: Registered encryption key '00000000000000000000000000000000': 0 pak files mounted, 0 remain pending
[2019.05.15-19.49.02:057][  0]LogPakFile: Registered encryption key '00000000000000000000000000000000': 0 pak files mounted, 0 remain pending
[2019.05.15-19.49.02:057][  0]LogPakFile: Registered encryption key '00000000000000000000000000000000': 0 pak files mounted, 0 remain pending
[2019.05.15-19.49.02:058][  0]LogPakFile: Registered encryption key '00000000000000000000000000000000': 0 pak files mounted, 0 remain pending
[2019.05.15-19.49.02:059][  0]LogPakFile: Registered encryption key '00000000000000000000000000000000': 0 pak files mounted, 0 remain pending
[2019.05.15-19.49.02:060][  0]LogPakFile: Registered encryption key '00000000000000000000000000000000': 0 pak files mounted, 0 remain pending
[2019.05.15-19.49.02:061][  0]LogPakFile: Registered encryption key '00000000000000000000000000000000': 0 pak files mounted, 0 remain pending
[2019.05.15-19.49.02:062][  0]LogPakFile: Registered encryption key '00000000000000000000000000000000': 0 pak files mounted, 0 remain pending
[2019.05.15-19.49.02:063][  0]LogPakFile: Registered encryption key '00000000000000000000000000000000': 0 pak files mounted, 0 remain pending
[2019.05.15-19.49.02:064][  0]LogPakFile: Registered encryption key '00000000000000000000000000000000': 0 pak files mounted, 0 remain pending
[2019.05.15-19.49.02:066][  0]LogPakFile: Registered encryption key '00000000000000000000000000000000': 0 pak files mounted, 0 remain pending
[2019.05.15-19.49.02:066][  0]LogPakFile: Registered encryption key '00000000000000000000000000000000': 0 pak files mounted, 0 remain pending
[2019.05.15-19.49.02:067][  0]LogPakFile: Registered encryption key '00000000000000000000000000000000': 0 pak files mounted, 0 remain pending
[2019.05.15-19.49.02:069][  0]LogPakFile: Registered encryption key '00000000000000000000000000000000': 0 pak files mounted, 0 remain pending
[2019.05.15-19.49.02:070][  0]LogPakFile: Registered encryption key '00000000000000000000000000000000': 0 pak files mounted, 0 remain pending
[2019.05.15-19.49.02:071][  0]LogPakFile: Registered encryption key '00000000000000000000000000000000': 0 pak files mounted, 0 remain pending
[2019.05.15-19.49.02:072][  0]LogPakFile: Registered encryption key '00000000000000000000000000000000': 0 pak files mounted, 0 remain pending
[2019.05.15-19.49.02:073][  0]LogPakFile: Registered encryption key '00000000000000000000000000000000': 0 pak files mounted, 0 remain pending
[2019.05.15-19.49.02:074][  0]LogPakFile: Registered encryption key '00000000000000000000000000000000': 0 pak files mounted, 0 remain pending
[2019.05.15-19.49.02:075][  0]LogPakFile: Registered encryption key '00000000000000000000000000000000': 0 pak files mounted, 0 remain pending
[2019.05.15-19.49.02:076][  0]LogPakFile: Registered encryption key '00000000000000000000000000000000': 0 pak files mounted, 0 remain pending
[2019.05.15-19.49.02:076][  0]LogPakFile: Registered encryption key '00000000000000000000000000000000': 0 pak files mounted, 0 remain pending
[2019.05.15-19.49.02:155][  0]LogContentBrowser: Native class hierarchy updated for 'AddContentDialog' in 0.0003 seconds. Added 0 classes and 0 folders.
[2019.05.15-19.49.03:808][  0]LogSlate: Only BGRA pngs, bmps or icos are supported in by External Image Picker
[2019.05.15-19.49.03:845][  0]LogSlate: Took 0.000371 seconds to synchronously load lazily loaded font '../../../Engine/Content/Slate/Fonts/Roboto-Regular.ttf' (155K)
[2019.05.15-19.49.03:851][  0]LogSlate: Took 0.000351 seconds to synchronously load lazily loaded font '../../../Engine/Content/Slate/Fonts/Roboto-Bold.ttf' (160K)
[2019.05.15-19.49.03:855][  0]LogSlate: Took 0.000289 seconds to synchronously load lazily loaded font '../../../Engine/Content/Editor/Slate/Fonts/FontAwesome.ttf' (139K)
[2019.05.15-19.49.03:977][  0]LogRenderer: Reallocating scene render targets to support 908x412 Format 10 NumSamples 1 (Frame:1).
[2019.05.15-19.49.04:169][  0]LogContentBrowser: Native class hierarchy updated for 'HierarchicalLODOutliner' in 0.0004 seconds. Added 0 classes and 0 folders.
[2019.05.15-19.49.04:169][  0]LogLoad: (Engine Initialization) Total time: 15.70 seconds
[2019.05.15-19.49.04:169][  0]LogLoad: (Engine Initialization) Total Blueprint compile time: 0.00 seconds
[2019.05.15-19.49.04:232][  0]LogAssetRegistry: Asset discovery search completed in 8.9925 seconds
[2019.05.15-19.49.04:235][  0]LogCollectionManager: Rebuilt the object cache for 0 collections in 0.000001 seconds (found 0 objects)
[2019.05.15-19.49.04:235][  0]LogCollectionManager: Fixed up redirectors for 0 collections in 0.000058 seconds (updated 0 objects)
[2019.05.15-19.49.04:239][  0]LogContentStreaming: Texture pool size now 1000 MB
[2019.05.15-19.49.04:266][  0]LogSlate: Took 0.000315 seconds to synchronously load lazily loaded font '../../../Engine/Content/Slate/Fonts/Roboto-Light.ttf' (167K)
[2019.05.15-19.49.21:403][ 20]LogEditorViewport: Clicking on Actor (LMB): StaticMeshActor (Wall11)
[2019.05.15-19.49.24:263][337]LogSlate: FSceneViewport::OnFocusLost() reason 0
[2019.05.15-19.49.28:879][875]LogSlate: FSceneViewport::OnFocusLost() reason 0
[2019.05.15-19.49.36:123][709]LogEditorViewport: Clicking on Actor (LMB): StaticMeshActor (Wall7)
[2019.05.15-19.49.44:490][659]LogEditorViewport: Clicking on Actor (LMB): StaticMeshActor (Wall10)
[2019.05.15-19.49.49:095][131]LogSlate: FSceneViewport::OnFocusLost() reason 0
[2019.05.15-19.49.59:095][226]LogEditorViewport: Clicking on Actor (LMB): StaticMeshActor (Wall9)
[2019.05.15-19.50.01:825][500]LogSlate: FSceneViewport::OnFocusLost() reason 0
[2019.05.15-19.50.13:443][839]LogEditorViewport: Clicking on Actor (LMB): ThirdPersonCharacter_C (ThirdPersonCharacter)
[2019.05.15-19.50.25:797][938]LogEditorViewport: Clicking on Actor (LMB): StaticMeshActor (Floor)
[2019.05.15-19.50.35:234][969]LogSlate: FSceneViewport::OnFocusLost() reason 0
[2019.05.15-19.50.35:302][977]LogTemp: Repeating last play command: New Editor Window (PIE)
[2019.05.15-19.50.35:314][977]LogBlueprintUserMessages: Early PlayInEditor Detection: Level '/Game/ThirdPersonBP/Maps/ThirdPersonExampleMap.ThirdPersonExampleMap:PersistentLevel' has LevelScriptBlueprint '/Game/ThirdPersonBP/Maps/ThirdPersonExampleMap.ThirdPersonExampleMap:PersistentLevel.ThirdPersonExampleMap' with GeneratedClass '/Game/ThirdPersonBP/Maps/ThirdPersonExampleMap.ThirdPersonExampleMap_C' with ClassGeneratedBy '/Game/ThirdPersonBP/Maps/ThirdPersonExampleMap.ThirdPersonExampleMap:PersistentLevel.ThirdPersonExampleMap'
[2019.05.15-19.50.35:315][977]LogPlayLevel: PlayLevel: No blueprints needed recompiling
[2019.05.15-19.50.35:317][977]PIE: New page: Sesión PIE (reproducción en el editor): ThirdPersonExampleMap (15/5/2019 23:50:35)
[2019.05.15-19.50.35:331][977]LogPlayLevel: Creating play world package: /Game/ThirdPersonBP/Maps/UEDPIE_0_ThirdPersonExampleMap
[2019.05.15-19.50.35:357][977]LogPlayLevel: PIE: StaticDuplicateObject took: (0.025680s)
[2019.05.15-19.50.35:358][977]LogAIModule: Creating AISystem for world ThirdPersonExampleMap
[2019.05.15-19.50.35:358][977]LogPlayLevel: PIE: World Init took: (0.001120s)
[2019.05.15-19.50.35:358][977]LogPlayLevel: PIE: Created PIE world by copying editor world from /Game/ThirdPersonBP/Maps/ThirdPersonExampleMap.ThirdPersonExampleMap to /Game/ThirdPersonBP/Maps/UEDPIE_0_ThirdPersonExampleMap.ThirdPersonExampleMap (0.027231s)
[2019.05.15-19.50.35:489][977]LogUObjectHash: Compacting FUObjectHashTables data took   2.23ms
[2019.05.15-19.50.35:518][977]LogInit: XAudio2 using 'Auriculares (2- JBL T110BT Stereo)' : 2 channels at 44.1 kHz using 16 bits per sample (channel mask 0x3)
[2019.05.15-19.50.35:538][977]LogInit: FAudioDevice initialized.
[2019.05.15-19.50.35:547][977]LogSlate: Updating window title bar state: overlay mode, drag disabled, window buttons hidden, title bar hidden
[2019.05.15-19.50.35:611][977]LogLoad: Game class is 'ThirdPersonGameMode_C'
[2019.05.15-19.50.35:618][977]LogWorld: Bringing World /Game/ThirdPersonBP/Maps/UEDPIE_0_ThirdPersonExampleMap.ThirdPersonExampleMap up for play (max tick rate 0) at 2019.05.15-21.50.35
[2019.05.15-19.50.35:620][977]LogWorld: Bringing up level for play took: 0.005371
[2019.05.15-19.50.35:656][977]LogContentBrowser: Native class hierarchy updated for 'MovieSceneCapture' in 0.0005 seconds. Added 20 classes and 0 folders.
[2019.05.15-19.50.35:660][977]PIE: Tiempo de inicio de la reproducción en el editor para  /Game/ThirdPersonBP/Maps/UEDPIE_0_ThirdPersonExampleMap -0,621
[2019.05.15-19.50.35:660][977]LogBlueprintUserMessages: Late PlayInEditor Detection: Level '/Game/ThirdPersonBP/Maps/ThirdPersonExampleMap.ThirdPersonExampleMap:PersistentLevel' has LevelScriptBlueprint '/Game/ThirdPersonBP/Maps/ThirdPersonExampleMap.ThirdPersonExampleMap:PersistentLevel.ThirdPersonExampleMap' with GeneratedClass '/Game/ThirdPersonBP/Maps/ThirdPersonExampleMap.ThirdPersonExampleMap_C' with ClassGeneratedBy '/Game/ThirdPersonBP/Maps/ThirdPersonExampleMap.ThirdPersonExampleMap:PersistentLevel.ThirdPersonExampleMap'
[2019.05.15-19.50.35:694][978]LogRenderer: Reallocating scene render targets to support 1272x688 Format 10 NumSamples 1 (Frame:1).
[2019.05.15-19.50.51:980][632]LogBlueprintUserMessages: Early EndPlayMap Detection: Level '/Game/ThirdPersonBP/Maps/ThirdPersonExampleMap.ThirdPersonExampleMap:PersistentLevel' has LevelScriptBlueprint '/Game/ThirdPersonBP/Maps/ThirdPersonExampleMap.ThirdPersonExampleMap:PersistentLevel.ThirdPersonExampleMap' with GeneratedClass '/Game/ThirdPersonBP/Maps/ThirdPersonExampleMap.ThirdPersonExampleMap_C' with ClassGeneratedBy '/Game/ThirdPersonBP/Maps/ThirdPersonExampleMap.ThirdPersonExampleMap:PersistentLevel.ThirdPersonExampleMap'
[2019.05.15-19.50.51:983][632]LogSlate: Updating window title bar state: overlay mode, drag disabled, window buttons hidden, title bar hidden
[2019.05.15-19.50.51:994][632]LogSlate: Window 'MazeBlade Vista preliminar del juego Standalone (64-bit/PCD3D_SM5)' being destroyed
[2019.05.15-19.50.52:033][632]LogPlayLevel: Display: Shutting down PIE online subsystems
[2019.05.15-19.50.52:033][632]LogBlueprintUserMessages: Late EndPlayMap Detection: Level '/Game/ThirdPersonBP/Maps/ThirdPersonExampleMap.ThirdPersonExampleMap:PersistentLevel' has LevelScriptBlueprint '/Game/ThirdPersonBP/Maps/ThirdPersonExampleMap.ThirdPersonExampleMap:PersistentLevel.ThirdPersonExampleMap' with GeneratedClass '/Game/ThirdPersonBP/Maps/ThirdPersonExampleMap.ThirdPersonExampleMap_C' with ClassGeneratedBy '/Game/ThirdPersonBP/Maps/ThirdPersonExampleMap.ThirdPersonExampleMap:PersistentLevel.ThirdPersonExampleMap'
[2019.05.15-19.50.52:147][632]LogUObjectHash: Compacting FUObjectHashTables data took   3.28ms
[2019.05.15-19.50.52:168][633]LogPlayLevel: Display: Destroying online subsystem :Context_4
[2019.05.15-19.50.54:053][858]LogEditorViewport: Clicking on Actor (context menu): StaticMeshActor (Floor)
[2019.05.15-19.50.54:130][858]LogSlate: FSceneViewport::OnFocusLost() reason 2
[2019.05.15-19.50.55:086][965]LogEditorViewport: Clicking on Actor (LMB): StaticMeshActor (Floor)
[2019.05.15-19.51.05:485][149]LogSlate: FSceneViewport::OnFocusLost() reason 0
[2019.05.15-19.51.05:551][156]LogSlate: Took 0.000302 seconds to synchronously load lazily loaded font '../../../Engine/Content/Slate/Fonts/Roboto-Light.ttf' (167K)
[2019.05.15-19.51.05:702][156]LogUObjectHash: Compacting FUObjectHashTables data took   0.95ms
[2019.05.15-19.51.05:911][156]LogSavePackage: Moving '../../../../../../MazeBladeProyect/MazeBlade/MazeBlade/Saved/ThirdPersonExampleMapF7EDC370470CFD96D11C71AF8796B8BE.tmp' to '../../../../../../MazeBladeProyect/MazeBlade/MazeBlade/Content/ThirdPersonBP/Maps/ThirdPersonExampleMap.umap'
[2019.05.15-19.51.06:110][156]LogSavePackage: Moving '../../../../../../MazeBladeProyect/MazeBlade/MazeBlade/Saved/ThirdPersonExampleMap_BuiltData101306DD47B0646FC805E9B276413C8C.tmp' to '../../../../../../MazeBladeProyect/MazeBlade/MazeBlade/Content/ThirdPersonBP/Maps/ThirdPersonExampleMap_BuiltData.uasset'
[2019.05.15-19.51.11:354][755]LogSlate: FSceneViewport::OnFocusLost() reason 0
[2019.05.15-19.51.11:573][767]LogUObjectHash: Compacting FUObjectHashTables data took   2.55ms
[2019.05.15-19.51.11:625][767]LogSlate: Window 'MazeBlade - Unreal Editor' being destroyed
[2019.05.15-19.51.11:626][767]LogWindowsTextInputMethodSystem: Display: IME system now deactivated.
[2019.05.15-19.51.11:854][768]Cmd: QUIT_EDITOR
[2019.05.15-19.51.12:562][768]LogExit: Preparing to exit.
[2019.05.15-19.51.13:094][768]LogExit: Editor shut down
[2019.05.15-19.51.13:094][768]LogExit: Transaction tracking system shut down
[2019.05.15-19.51.13:426][768]LogExit: Object subsystem successfully closed.
[2019.05.15-19.51.13:449][768]LogShaderCompilers: Display: Shaders left to compile 0
[2019.05.15-19.51.13:454][768]LogD3D11RHI: Shutdown
[2019.05.15-19.51.13:454][768]LogD3D11RHI: CleanupD3DDevice
[2019.05.15-19.51.13:455][768]LogRendererCore: FGlobalReadBuffer::ReleaseRHI
[2019.05.15-19.51.13:455][768]LogRendererCore: FGlobalDynamicReadBuffer::Cleanup()
[2019.05.15-19.51.13:455][768]LogRendererCore: FGlobalReadBuffer::ReleaseRHI
[2019.05.15-19.51.13:455][768]LogRendererCore: FGlobalDynamicReadBuffer::Cleanup()
[2019.05.15-19.51.13:455][768]LogRendererCore: FGlobalReadBuffer::ReleaseRHI
[2019.05.15-19.51.13:455][768]LogRendererCore: FGlobalDynamicReadBuffer::Cleanup()
[2019.05.15-19.51.13:591][768]LogD3D11RHI: ~FD3D11DynamicRHI
[2019.05.15-19.51.13:625][768]LogModuleManager: Shutting down and abandoning module MovieSceneCapture (648)
[2019.05.15-19.51.13:625][768]LogModuleManager: Shutting down and abandoning module Voice (646)
[2019.05.15-19.51.13:625][768]LogModuleManager: Shutting down and abandoning module HierarchicalLODOutliner (644)
[2019.05.15-19.51.13:625][768]LogModuleManager: Shutting down and abandoning module ExternalImagePicker (642)
[2019.05.15-19.51.13:625][768]LogModuleManager: Shutting down and abandoning module AddContentDialog (640)
[2019.05.15-19.51.13:625][768]LogModuleManager: Shutting down and abandoning module WidgetCarousel (639)
[2019.05.15-19.51.13:625][768]LogModuleManager: Shutting down and abandoning module EditorWidgets (636)
[2019.05.15-19.51.13:625][768]LogModuleManager: Shutting down and abandoning module CollectionManager (634)
[2019.05.15-19.51.13:626][768]LogModuleManager: Shutting down and abandoning module SceneOutliner (632)
[2019.05.15-19.51.13:626][768]LogModuleManager: Shutting down and abandoning module StatsViewer (630)
[2019.05.15-19.51.13:626][768]LogModuleManager: Shutting down and abandoning module FoliageEdit (628)
[2019.05.15-19.51.13:626][768]LogModuleManager: Shutting down and abandoning module LandscapeEditor (626)
[2019.05.15-19.51.13:626][768]LogModuleManager: Shutting down and abandoning module MeshPaintMode (624)
[2019.05.15-19.51.13:626][768]LogModuleManager: Shutting down and abandoning module SceneDepthPickerMode (622)
[2019.05.15-19.51.13:626][768]LogModuleManager: Shutting down and abandoning module ActorPickerMode (620)
[2019.05.15-19.51.13:626][768]LogModuleManager: Shutting down and abandoning module GeometryMode (618)
[2019.05.15-19.51.13:626][768]LogModuleManager: Shutting down and abandoning module TextureAlignMode (616)
[2019.05.15-19.51.13:626][768]LogModuleManager: Shutting down and abandoning module BspMode (614)
[2019.05.15-19.51.13:626][768]LogModuleManager: Shutting down and abandoning module PIEPreviewDeviceProfileSelector (612)
[2019.05.15-19.51.13:626][768]LogModuleManager: Shutting down and abandoning module SequenceRecorderSections (610)
[2019.05.15-19.51.13:626][768]LogModuleManager: Shutting down and abandoning module AutomationWorker (608)
[2019.05.15-19.51.13:626][768]LogModuleManager: Shutting down and abandoning module OculusMR (606)
[2019.05.15-19.51.13:626][768]LogModuleManager: Shutting down and abandoning module AudioCaptureEditor (604)
[2019.05.15-19.51.13:626][768]LogModuleManager: Shutting down and abandoning module MatineeToLevelSequence (602)
[2019.05.15-19.51.13:626][768]LogModuleManager: Shutting down and abandoning module LevelSequenceEditor (600)
[2019.05.15-19.51.13:626][768]LogModuleManager: Shutting down and abandoning module PlacementMode (599)
[2019.05.15-19.51.13:626][768]LogModuleManager: Shutting down and abandoning module MaterialEditor (598)
[2019.05.15-19.51.13:627][768]LogModuleManager: Shutting down and abandoning module ActorSequenceEditor (594)
[2019.05.15-19.51.13:627][768]LogModuleManager: Shutting down and abandoning module WmfMediaFactory (592)
[2019.05.15-19.51.13:627][768]LogModuleManager: Shutting down and abandoning module WmfMediaEditor (590)
[2019.05.15-19.51.13:627][768]LogModuleManager: Shutting down and abandoning module WebMMediaFactory (588)
[2019.05.15-19.51.13:627][768]LogModuleManager: Shutting down and abandoning module WebMMediaEditor (586)
[2019.05.15-19.51.13:627][768]LogModuleManager: Shutting down and abandoning module WebMMedia (584)
[2019.05.15-19.51.13:627][768]LogModuleManager: Shutting down and abandoning module MediaPlayerEditor (582)
[2019.05.15-19.51.13:627][768]LogModuleManager: Shutting down and abandoning module MediaCompositingEditor (580)
[2019.05.15-19.51.13:627][768]LogModuleManager: Shutting down and abandoning module SequenceRecorder (579)
[2019.05.15-19.51.13:627][768]LogModuleManager: Shutting down and abandoning module OpenExrWrapper (576)
[2019.05.15-19.51.13:627][768]LogModuleManager: Shutting down and abandoning module ImgMediaFactory (574)
[2019.05.15-19.51.13:627][768]LogModuleManager: Shutting down and abandoning module ImgMediaEditor (572)
[2019.05.15-19.51.13:627][768]LogModuleManager: Shutting down and abandoning module AvfMediaFactory (570)
[2019.05.15-19.51.13:627][768]LogModuleManager: Shutting down and abandoning module AvfMediaEditor (568)
[2019.05.15-19.51.13:627][768]LogModuleManager: Shutting down and abandoning module AndroidMediaFactory (566)
[2019.05.15-19.51.13:627][768]LogModuleManager: Shutting down and abandoning module AndroidMediaEditor (564)
[2019.05.15-19.51.13:627][768]LogModuleManager: Shutting down and abandoning module MagicLeapCameraPreviewFactory (562)
[2019.05.15-19.51.13:627][768]LogModuleManager: Shutting down and abandoning module MagicLeapMediaCodecFactory (560)
[2019.05.15-19.51.13:627][768]LogModuleManager: Shutting down and abandoning module MagicLeapMediaFactory (558)
[2019.05.15-19.51.13:627][768]LogModuleManager: Shutting down and abandoning module MagicLeapMediaEditor (556)
[2019.05.15-19.51.13:627][768]LogModuleManager: Shutting down and abandoning module CharacterAI (554)
[2019.05.15-19.51.13:628][768]LogModuleManager: Shutting down and abandoning module SmartSnapping (552)
[2019.05.15-19.51.13:628][768]LogModuleManager: Shutting down and abandoning module SessionServices (550)
[2019.05.15-19.51.13:628][768]LogModuleManager: Shutting down and abandoning module MeshPaint (548)
[2019.05.15-19.51.13:628][768]LogModuleManager: Shutting down and abandoning module ViewportSnapping (546)
[2019.05.15-19.51.13:628][768]LogModuleManager: Shutting down and abandoning module ViewportInteraction (544)
[2019.05.15-19.51.13:628][768]LogModuleManager: Shutting down and abandoning module ClothPainter (542)
[2019.05.15-19.51.13:628][768]LogModuleManager: Shutting down and abandoning module SkeletalMeshEditor (541)
[2019.05.15-19.51.13:628][768]LogModuleManager: Shutting down and abandoning module LogVisualizer (538)
[2019.05.15-19.51.13:628][768]LogModuleManager: Shutting down and abandoning module IntroTutorials (536)
[2019.05.15-19.51.13:628][768]LogModuleManager: Shutting down and abandoning module GameProjectGeneration (535)
[2019.05.15-19.51.13:628][768]LogModuleManager: Shutting down and abandoning module LuminPlatformEditor (532)
[2019.05.15-19.51.13:628][768]LogModuleManager: Shutting down and abandoning module IOSPlatformEditor (530)
[2019.05.15-19.51.13:628][768]LogModuleManager: Shutting down and abandoning module HTML5PlatformEditor (528)
[2019.05.15-19.51.13:628][768]LogModuleManager: Shutting down and abandoning module AndroidPlatformEditor (526)
[2019.05.15-19.51.13:628][768]LogModuleManager: Shutting down and abandoning module AndroidDeviceDetection (525)
[2019.05.15-19.51.14:565][768]LogModuleManager: Shutting down and abandoning module WindowsPlatformEditor (522)
[2019.05.15-19.51.14:565][768]LogModuleManager: Shutting down and abandoning module LuminRuntimeSettings (520)
[2019.05.15-19.51.14:565][768]LogModuleManager: Shutting down and abandoning module IOSRuntimeSettings (518)
[2019.05.15-19.51.14:565][768]LogModuleManager: Shutting down and abandoning module AndroidRuntimeSettings (516)
[2019.05.15-19.51.14:565][768]LogModuleManager: Shutting down and abandoning module TimeManagementEditor (514)
[2019.05.15-19.51.14:565][768]LogModuleManager: Shutting down and abandoning module InputBindingEditor (512)
[2019.05.15-19.51.14:565][768]LogModuleManager: Shutting down and abandoning module MergeActors (510)
[2019.05.15-19.51.14:565][768]LogModuleManager: Shutting down and abandoning module LocalizationDashboard (508)
[2019.05.15-19.51.14:565][768]LogModuleManager: Shutting down and abandoning module LocalizationService (507)
[2019.05.15-19.51.14:565][768]LogModuleManager: Shutting down and abandoning module HardwareTargeting (504)
[2019.05.15-19.51.14:565][768]LogModuleManager: Shutting down and abandoning module DeviceProfileEditor (502)
[2019.05.15-19.51.14:565][768]LogModuleManager: Shutting down and abandoning module UndoHistory (500)
[2019.05.15-19.51.14:565][768]LogModuleManager: Shutting down and abandoning module XmlParser (498)
[2019.05.15-19.51.14:565][768]LogModuleManager: Shutting down and abandoning module Blutility (496)
[2019.05.15-19.51.14:565][768]LogModuleManager: Shutting down and abandoning module ProjectSettingsViewer (494)
[2019.05.15-19.51.14:565][768]LogModuleManager: Shutting down and abandoning module ProjectTargetPlatformEditor (493)
[2019.05.15-19.51.14:565][768]LogModuleManager: Shutting down and abandoning module EditorSettingsViewer (490)
[2019.05.15-19.51.14:565][768]LogModuleManager: Shutting down and abandoning module SettingsEditor (488)
[2019.05.15-19.51.14:565][768]LogModuleManager: Shutting down and abandoning module ProjectLauncher (486)
[2019.05.15-19.51.14:565][768]LogModuleManager: Shutting down and abandoning module SessionFrontend (484)
[2019.05.15-19.51.14:565][768]LogModuleManager: Shutting down and abandoning module ProfilerClient (482)
[2019.05.15-19.51.14:565][768]LogModuleManager: Shutting down and abandoning module DeviceManager (480)
[2019.05.15-19.51.14:565][768]LogModuleManager: Shutting down and abandoning module TargetDeviceServices (479)
[2019.05.15-19.51.14:610][768]LogModuleManager: Shutting down and abandoning module AutomationController (476)
[2019.05.15-19.51.14:610][768]LogModuleManager: Shutting down and abandoning module AutomationWindow (474)
[2019.05.15-19.51.14:610][768]LogModuleManager: Shutting down and abandoning module Layers (472)
[2019.05.15-19.51.14:610][768]LogModuleManager: Shutting down and abandoning module ComponentVisualizers (470)
[2019.05.15-19.51.14:610][768]LogModuleManager: Shutting down and abandoning module DetailCustomizations (468)
[2019.05.15-19.51.14:610][768]LogModuleManager: Shutting down and abandoning module PackagesDialog (466)
[2019.05.15-19.51.14:610][768]LogModuleManager: Shutting down and abandoning module AnimationBlueprintEditor (464)
[2019.05.15-19.51.14:610][768]LogModuleManager: Shutting down and abandoning module Persona (462)
[2019.05.15-19.51.14:610][768]LogModuleManager: Shutting down and abandoning module AdvancedPreviewScene (461)
[2019.05.15-19.51.14:610][768]LogModuleManager: Shutting down and abandoning module AnimGraph (459)
[2019.05.15-19.51.14:610][768]LogModuleManager: Shutting down and abandoning module Kismet (456)
[2019.05.15-19.51.14:611][768]LogModuleManager: Shutting down and abandoning module GraphEditor (454)
[2019.05.15-19.51.14:611][768]LogModuleManager: Shutting down and abandoning module ClassViewer (452)
[2019.05.15-19.51.14:611][768]LogModuleManager: Shutting down and abandoning module Toolbox (450)
[2019.05.15-19.51.14:611][768]LogModuleManager: Shutting down and abandoning module ModuleUI (448)
[2019.05.15-19.51.14:611][768]LogModuleManager: Shutting down and abandoning module MovieSceneTools (446)
[2019.05.15-19.51.14:611][768]LogModuleManager: Shutting down and abandoning module OutputLog (444)
[2019.05.15-19.51.14:611][768]LogModuleManager: Shutting down and abandoning module GammaUI (442)
[2019.05.15-19.51.14:611][768]LogModuleManager: Shutting down and abandoning module Documentation (440)
[2019.05.15-19.51.14:611][768]LogModuleManager: Shutting down and abandoning module LiveCoding (438)
[2019.05.15-19.51.14:611][768]LogModuleManager: Shutting down and abandoning module LevelSequence (436)
[2019.05.15-19.51.14:611][768]LogModuleManager: Shutting down and abandoning module MovieSceneTracks (434)
[2019.05.15-19.51.14:611][768]LogModuleManager: Shutting down and abandoning module MovieScene (432)
[2019.05.15-19.51.14:611][768]LogModuleManager: Shutting down and abandoning module StreamingPauseRendering (430)
[2019.05.15-19.51.14:611][768]LogModuleManager: Shutting down and abandoning module LauncherPlatform (428)
[2019.05.15-19.51.14:611][768]LogModuleManager: Shutting down and abandoning module AnalyticsET (426)
[2019.05.15-19.51.14:611][768]LogModuleManager: Shutting down and abandoning module PortalServices (424)
[2019.05.15-19.51.14:611][768]LogModuleManager: Shutting down and abandoning module PortalRpc (422)
[2019.05.15-19.51.14:611][768]LogModuleManager: Shutting down and abandoning module MessagingRpc (420)
[2019.05.15-19.51.14:611][768]LogModuleManager: Shutting down and abandoning module AIModule (418)
[2019.05.15-19.51.14:612][768]LogModuleManager: Shutting down and abandoning module GameplayDebugger (417)
[2019.05.15-19.51.14:612][768]LogModuleManager: Shutting down and abandoning module AITestSuite (415)
[2019.05.15-19.51.14:612][768]LogModuleManager: Shutting down and abandoning module NavigationSystem (413)
[2019.05.15-19.51.14:612][768]LogModuleManager: Shutting down and abandoning module DesktopPlatform (410)
[2019.05.15-19.51.14:612][768]LogModuleManager: Shutting down and abandoning module ImageWriteQueue (408)
[2019.05.15-19.51.14:616][768]LogModuleManager: Shutting down and abandoning module ProfilerService (406)
[2019.05.15-19.51.14:856][768]LogModuleManager: Shutting down and abandoning module TaskGraph (404)
[2019.05.15-19.51.14:857][768]LogModuleManager: Shutting down and abandoning module SteamVRController (402)
[2019.05.15-19.51.14:857][768]LogModuleManager: Shutting down and abandoning module ProceduralMeshComponentEditor (400)
[2019.05.15-19.51.14:857][768]LogModuleManager: Shutting down and abandoning module ProceduralMeshComponent (398)
[2019.05.15-19.51.14:857][768]LogModuleManager: Shutting down and abandoning module OculusEditor (396)
[2019.05.15-19.51.14:857][768]LogModuleManager: Shutting down and abandoning module OculusInput (394)
[2019.05.15-19.51.14:857][768]LogModuleManager: Shutting down and abandoning module MobilePatchingUtils (392)
[2019.05.15-19.51.14:857][768]LogModuleManager: Shutting down and abandoning module EditableMesh (390)
[2019.05.15-19.51.14:857][768]LogModuleManager: Shutting down and abandoning module CustomMeshComponent (388)
[2019.05.15-19.51.14:857][768]LogModuleManager: Shutting down and abandoning module CableComponent (386)
[2019.05.15-19.51.14:857][768]LogModuleManager: Shutting down and abandoning module AudioCapture (384)
[2019.05.15-19.51.14:857][768]LogModuleManager: Shutting down and abandoning module ArchVisCharacter (382)
[2019.05.15-19.51.14:857][768]LogModuleManager: Shutting down and abandoning module AndroidPermission (380)
[2019.05.15-19.51.14:857][768]LogModuleManager: Shutting down and abandoning module NUTUnrealEngine4 (378)
[2019.05.15-19.51.14:857][768]LogModuleManager: Shutting down and abandoning module NetcodeUnitTest (376)
[2019.05.15-19.51.14:857][768]LogModuleManager: Shutting down and abandoning module MediaCompositing (374)
[2019.05.15-19.51.14:857][768]LogModuleManager: Shutting down and abandoning module LinearTimecode (372)
[2019.05.15-19.51.14:857][768]LogModuleManager: Shutting down and abandoning module ImgMedia (370)
[2019.05.15-19.51.14:857][768]LogModuleManager: Shutting down and abandoning module MagicLeapHelperVulkan (368)
[2019.05.15-19.51.14:857][768]LogModuleManager: Shutting down and abandoning module MagicLeapHelperOpenGL (366)
[2019.05.15-19.51.14:857][768]LogModuleManager: Shutting down and abandoning module MagicLeapAudio (364)
[2019.05.15-19.51.14:857][768]LogModuleManager: Shutting down and abandoning module HTML5Networking (362)
[2019.05.15-19.51.14:857][768]LogModuleManager: Shutting down and abandoning module GeometryCacheTracks (360)
[2019.05.15-19.51.14:857][768]LogModuleManager: Shutting down and abandoning module GeometryCacheSequencer (358)
[2019.05.15-19.51.14:857][768]LogModuleManager: Shutting down and abandoning module BackChannel (356)
[2019.05.15-19.51.14:857][768]LogModuleManager: Shutting down and abandoning module AppleVision (354)
[2019.05.15-19.51.14:857][768]LogModuleManager: Shutting down and abandoning module AppleImageUtilsBlueprintSupport (352)
[2019.05.15-19.51.14:857][768]LogModuleManager: Shutting down and abandoning module AppleImageUtils (350)
[2019.05.15-19.51.14:857][768]LogModuleManager: Shutting down and abandoning module AlembicImporter (348)
[2019.05.15-19.51.14:857][768]LogModuleManager: Shutting down and abandoning module AlembicLibrary (347)
[2019.05.15-19.51.14:858][768]LogModuleManager: Shutting down and abandoning module GeometryCache (346)
[2019.05.15-19.51.14:858][768]LogModuleManager: Shutting down and abandoning module GeometryCacheEd (345)
[2019.05.15-19.51.14:858][768]LogModuleManager: Shutting down and abandoning module VariantManagerContent (340)
[2019.05.15-19.51.14:858][768]LogModuleManager: Shutting down and abandoning module DatasmithContentEditor (338)
[2019.05.15-19.51.14:858][768]LogModuleManager: Shutting down and abandoning module SpeedTreeImporter (336)
[2019.05.15-19.51.14:858][768]LogModuleManager: Shutting down and abandoning module PluginBrowser (334)
[2019.05.15-19.51.14:858][768]LogModuleManager: Shutting down and abandoning module MobileLauncherProfileWizard (332)
[2019.05.15-19.51.14:858][768]LogModuleManager: Shutting down and abandoning module MaterialAnalyzer (330)
[2019.05.15-19.51.14:858][768]LogModuleManager: Shutting down and abandoning module CryptoKeysOpenSSL (328)
[2019.05.15-19.51.14:858][768]LogModuleManager: Shutting down and abandoning module CryptoKeys (326)
[2019.05.15-19.51.14:858][768]LogModuleManager: Shutting down and abandoning module VisualStudioSourceCodeAccess (324)
[2019.05.15-19.51.14:858][768]LogModuleManager: Shutting down and abandoning module VisualStudioCodeSourceCodeAccess (322)
[2019.05.15-19.51.14:858][768]LogModuleManager: Shutting down and abandoning module UObjectPlugin (320)
[2019.05.15-19.51.14:858][768]LogModuleManager: Shutting down and abandoning module SubversionSourceControl (318)
[2019.05.15-19.51.14:858][768]LogModuleManager: Shutting down and abandoning module PerforceSourceControl (316)
[2019.05.15-19.51.14:858][768]LogModuleManager: Shutting down and abandoning module GitSourceControl (314)
[2019.05.15-19.51.14:858][768]LogModuleManager: Shutting down and abandoning module SourceControl (313)
[2019.05.15-19.51.14:858][768]LogModuleManager: Shutting down and abandoning module CLionSourceCodeAccess (310)
[2019.05.15-19.51.14:858][768]LogModuleManager: Shutting down and abandoning module AnimationSharingEd (308)
[2019.05.15-19.51.14:859][768]LogModuleManager: Shutting down and abandoning module ActorLayerUtilitiesEditor (306)
[2019.05.15-19.51.14:859][768]LogModuleManager: Shutting down and abandoning module ActorLayerUtilities (304)
[2019.05.15-19.51.14:859][768]LogModuleManager: Shutting down and abandoning module LightPropagationVolumeEditor (302)
[2019.05.15-19.51.14:859][768]LogModuleManager: Shutting down and abandoning module PaperTiledImporter (300)
[2019.05.15-19.51.14:859][768]LogModuleManager: Shutting down and abandoning module PaperSpriteSheetImporter (298)
[2019.05.15-19.51.14:859][768]LogModuleManager: Shutting down and abandoning module Paper2DEditor (296)
[2019.05.15-19.51.14:859][768]LogModuleManager: Shutting down and abandoning module SignificanceManager (294)
[2019.05.15-19.51.14:859][768]LogModuleManager: Shutting down and abandoning module RuntimePhysXCooking (292)
[2019.05.15-19.51.14:859][768]LogModuleManager: Shutting down and abandoning module PhysXVehiclesEditor (290)
[2019.05.15-19.51.14:859][768]LogModuleManager: Shutting down and abandoning module PhysXVehicles (288)
[2019.05.15-19.51.14:859][768]LogModuleManager: Shutting down and abandoning module LocationServicesBPLibrary (286)
[2019.05.15-19.51.14:859][768]LogModuleManager: Shutting down and abandoning module ActorSequence (284)
[2019.05.15-19.51.14:859][768]LogModuleManager: Shutting down and abandoning module UdpMessaging (282)
[2019.05.15-19.51.14:961][768]LogModuleManager: Shutting down and abandoning module TcpMessaging (280)
[2019.05.15-19.51.15:062][768]LogModuleManager: Shutting down and abandoning module MagicLeapIdentity (278)
[2019.05.15-19.51.15:062][768]LogModuleManager: Shutting down and abandoning module MagicLeapSecureStorage (276)
[2019.05.15-19.51.15:062][768]LogModuleManager: Shutting down and abandoning module MagicLeapHandTracking (274)
[2019.05.15-19.51.15:062][768]LogModuleManager: Shutting down and abandoning module MagicLeapEyeTracker (272)
[2019.05.15-19.51.15:062][768]LogModuleManager: Shutting down and abandoning module MagicLeapController (270)
[2019.05.15-19.51.15:062][768]LogSlate: Slate User Destroyed.  User Index 0, Is Virtual User: 0
[2019.05.15-19.51.15:062][768]LogModuleManager: Shutting down and abandoning module MagicLeapAR (268)
[2019.05.15-19.51.15:062][768]LogModuleManager: Shutting down and abandoning module AugmentedReality (267)
[2019.05.15-19.51.15:062][768]LogModuleManager: Shutting down and abandoning module GameplayTagsEditor (264)
[2019.05.15-19.51.15:062][768]LogModuleManager: Shutting down and abandoning module FacialAnimationEditor (262)
[2019.05.15-19.51.15:062][768]LogModuleManager: Shutting down and abandoning module FacialAnimation (260)
[2019.05.15-19.51.15:062][768]LogModuleManager: Shutting down and abandoning module DataValidation (258)
[2019.05.15-19.51.15:062][768]LogModuleManager: Shutting down and abandoning module AssetManagerEditor (256)
[2019.05.15-19.51.15:062][768]LogModuleManager: Shutting down and abandoning module LevelEditor (255)
[2019.05.15-19.51.15:062][768]LogModuleManager: Shutting down and abandoning module PixelInspectorModule (254)
[2019.05.15-19.51.15:062][768]LogModuleManager: Shutting down and abandoning module CommonMenuExtensions (252)
[2019.05.15-19.51.15:062][768]LogModuleManager: Shutting down and abandoning module MainFrame (250)
[2019.05.15-19.51.15:062][768]LogModuleManager: Shutting down and abandoning module HotReload (249)
[2019.05.15-19.51.15:064][768]LogModuleManager: Shutting down and abandoning module ContentBrowser (245)
[2019.05.15-19.51.15:065][768]LogModuleManager: Shutting down and abandoning module TreeMap (243)
[2019.05.15-19.51.15:065][768]LogModuleManager: Shutting down and abandoning module AnimationSharing (240)
[2019.05.15-19.51.15:065][768]LogModuleManager: Shutting down and abandoning module LightPropagationVolumeRuntime (238)
[2019.05.15-19.51.15:065][768]LogModuleManager: Shutting down and abandoning module AISupportModule (236)
[2019.05.15-19.51.15:065][768]LogModuleManager: Shutting down and abandoning module Paper2D (234)
[2019.05.15-19.51.15:065][768]LogModuleManager: Shutting down and abandoning module WindowsMoviePlayer (232)
[2019.05.15-19.51.15:065][768]LogModuleManager: Shutting down and abandoning module WebMMoviePlayer (230)
[2019.05.15-19.51.15:065][768]LogModuleManager: Shutting down and abandoning module PacketHandler (228)
[2019.05.15-19.51.15:065][768]LogModuleManager: Shutting down and abandoning module ClothingSystemEditor (226)
[2019.05.15-19.51.15:065][768]LogModuleManager: Shutting down and abandoning module ClothingSystemRuntime (224)
[2019.05.15-19.51.15:065][768]LogModuleManager: Shutting down and abandoning module MediaAssets (222)
[2019.05.15-19.51.15:065][768]LogModuleManager: Shutting down and abandoning module Overlay (220)
[2019.05.15-19.51.15:065][768]LogModuleManager: Shutting down and abandoning module OverlayEditor (219)
[2019.05.15-19.51.15:065][768]LogModuleManager: Shutting down and abandoning module VREditor (216)
[2019.05.15-19.51.15:065][768]LogModuleManager: Shutting down and abandoning module StringTableEditor (214)
[2019.05.15-19.51.15:065][768]LogModuleManager: Shutting down and abandoning module GameplayTasksEditor (212)
[2019.05.15-19.51.15:065][768]LogModuleManager: Shutting down and abandoning module BehaviorTreeEditor (210)
[2019.05.15-19.51.15:065][768]LogModuleManager: Shutting down and abandoning module FunctionalTesting (208)
[2019.05.15-19.51.15:065][768]LogModuleManager: Shutting down and abandoning module CollisionAnalyzer (206)
[2019.05.15-19.51.15:065][768]LogModuleManager: Shutting down and abandoning module WorkspaceMenuStructure (205)
[2019.05.15-19.51.15:065][768]LogModuleManager: Shutting down and abandoning module UMG (202)
[2019.05.15-19.51.15:065][768]LogModuleManager: Shutting down and abandoning module UMGEditor (201)
[2019.05.15-19.51.15:065][768]LogModuleManager: Shutting down and abandoning module Sequencer (200)
[2019.05.15-19.51.15:065][768]LogModuleManager: Shutting down and abandoning module MessageLog (197)
[2019.05.15-19.51.15:065][768]LogModuleManager: Shutting down and abandoning module SlateReflector (192)
[2019.05.15-19.51.15:065][768]LogModuleManager: Shutting down and abandoning module Slate (190)
[2019.05.15-19.51.15:065][768]LogModuleManager: Shutting down and abandoning module EditorStyle (188)
[2019.05.15-19.51.15:067][768]LogModuleManager: Shutting down and abandoning module UnrealEd (186)
[2019.05.15-19.51.15:067][768]LogModuleManager: Shutting down and abandoning module MRMesh (184)
[2019.05.15-19.51.15:067][768]LogModuleManager: Shutting down and abandoning module SourceCodeAccess (182)
[2019.05.15-19.51.15:067][768]LogModuleManager: Shutting down and abandoning module HeadMountedDisplay (180)
[2019.05.15-19.51.15:067][768]LogModuleManager: Shutting down and abandoning module XAudio2 (178)
[2019.05.15-19.51.15:067][768]LogModuleManager: Shutting down and abandoning module Networking (176)
[2019.05.15-19.51.15:067][768]LogModuleManager: Shutting down and abandoning module Core (174)
[2019.05.15-19.51.15:067][768]LogModuleManager: Shutting down and abandoning module KismetCompiler (172)
[2019.05.15-19.51.15:067][768]LogModuleManager: Shutting down and abandoning module MeshUtilities (170)
[2019.05.15-19.51.15:067][768]LogModuleManager: Shutting down and abandoning module MeshMergeUtilities (169)
[2019.05.15-19.51.15:067][768]LogModuleManager: Shutting down and abandoning module MeshReductionInterface (168)
[2019.05.15-19.51.15:067][768]LogModuleManager: Shutting down and abandoning module SkeletalMeshReduction (167)
[2019.05.15-19.51.15:067][768]LogModuleManager: Shutting down and abandoning module ProxyLODMeshReduction (165)
[2019.05.15-19.51.15:067][768]LogModuleManager: Shutting down and abandoning module QuadricMeshReduction (163)
[2019.05.15-19.51.15:069][768]LogModuleManager: Shutting down and abandoning module MaterialBaking (159)
[2019.05.15-19.51.15:069][768]LogModuleManager: Shutting down and abandoning module DerivedDataCache (154)
[2019.05.15-19.51.15:161][768]LogDerivedDataCache: Shutdown
[2019.05.15-19.51.15:161][768]LogModuleManager: Shutting down and abandoning module XGEController (152)
[2019.05.15-19.51.15:161][768]LogModuleManager: Shutting down and abandoning module TargetPlatform (150)
[2019.05.15-19.51.15:161][768]LogModuleManager: Shutting down and abandoning module VulkanShaderFormat (149)
[2019.05.15-19.51.15:161][768]LogModuleManager: Shutting down and abandoning module ShaderFormatVectorVM (147)
[2019.05.15-19.51.15:161][768]LogModuleManager: Shutting down and abandoning module ShaderFormatOpenGL (145)
[2019.05.15-19.51.15:161][768]LogModuleManager: Shutting down and abandoning module ShaderFormatD3D (143)
[2019.05.15-19.51.15:161][768]LogModuleManager: Shutting down and abandoning module MetalShaderFormat (141)
[2019.05.15-19.51.15:161][768]LogModuleManager: Shutting down and abandoning module TextureFormatUncompressed (139)
[2019.05.15-19.51.15:161][768]LogModuleManager: Shutting down and abandoning module TextureFormatPVR (137)
[2019.05.15-19.51.15:161][768]LogModuleManager: Shutting down and abandoning module TextureFormatDXT (135)
[2019.05.15-19.51.15:161][768]LogModuleManager: Shutting down and abandoning module TextureFormatIntelISPCTexComp (133)
[2019.05.15-19.51.15:161][768]LogModuleManager: Shutting down and abandoning module TextureFormatASTC (131)
[2019.05.15-19.51.15:161][768]LogModuleManager: Shutting down and abandoning module ImageWrapper (130)
[2019.05.15-19.51.15:161][768]LogModuleManager: Shutting down and abandoning module TextureFormatAndroid (127)
[2019.05.15-19.51.15:161][768]LogModuleManager: Shutting down and abandoning module AudioFormatOpus (125)
[2019.05.15-19.51.15:161][768]LogModuleManager: Shutting down and abandoning module AudioFormatOgg (123)
[2019.05.15-19.51.15:161][768]LogModuleManager: Shutting down and abandoning module AudioFormatADPCM (121)
[2019.05.15-19.51.15:161][768]LogModuleManager: Shutting down and abandoning module LuminTargetPlatform (119)
[2019.05.15-19.51.15:162][768]LogModuleManager: Shutting down and abandoning module LinuxTargetPlatform (117)
[2019.05.15-19.51.15:162][768]LogModuleManager: Shutting down and abandoning module LinuxServerTargetPlatform (115)
[2019.05.15-19.51.15:162][768]LogModuleManager: Shutting down and abandoning module LinuxNoEditorTargetPlatform (113)
[2019.05.15-19.51.15:162][768]LogModuleManager: Shutting down and abandoning module LinuxClientTargetPlatform (111)
[2019.05.15-19.51.15:162][768]LogModuleManager: Shutting down and abandoning module TVOSTargetPlatform (109)
[2019.05.15-19.51.15:163][768]LogModuleManager: Shutting down and abandoning module Messaging (107)
[2019.05.15-19.51.15:163][768]LogModuleManager: Shutting down and abandoning module IOSTargetPlatform (105)
[2019.05.15-19.51.15:165][768]LogModuleManager: Shutting down and abandoning module HTML5TargetPlatform (103)
[2019.05.15-19.51.15:165][768]LogModuleManager: Shutting down and abandoning module AndroidTargetPlatform (101)
[2019.05.15-19.51.15:173][768]LogModuleManager: Shutting down and abandoning module WindowsTargetPlatform (99)
[2019.05.15-19.51.15:173][768]LogModuleManager: Shutting down and abandoning module WindowsServerTargetPlatform (97)
[2019.05.15-19.51.15:173][768]LogModuleManager: Shutting down and abandoning module WindowsNoEditorTargetPlatform (95)
[2019.05.15-19.51.15:173][768]LogModuleManager: Shutting down and abandoning module WindowsClientTargetPlatform (93)
[2019.05.15-19.51.15:173][768]LogModuleManager: Shutting down and abandoning module MacTargetPlatform (91)
[2019.05.15-19.51.15:173][768]LogModuleManager: Shutting down and abandoning module MacServerTargetPlatform (89)
[2019.05.15-19.51.15:173][768]LogModuleManager: Shutting down and abandoning module MacNoEditorTargetPlatform (87)
[2019.05.15-19.51.15:173][768]LogModuleManager: Shutting down and abandoning module MacClientTargetPlatform (85)
[2019.05.15-19.51.15:173][768]LogModuleManager: Shutting down and abandoning module AllDesktopTargetPlatform (83)
[2019.05.15-19.51.15:173][768]LogModuleManager: Shutting down and abandoning module InputCore (80)
[2019.05.15-19.51.15:173][768]LogModuleManager: Shutting down and abandoning module Settings (78)
[2019.05.15-19.51.15:173][768]LogModuleManager: Shutting down and abandoning module DirectoryWatcher (76)
[2019.05.15-19.51.15:174][768]LogModuleManager: Shutting down and abandoning module PhysXCooking (74)
[2019.05.15-19.51.15:174][768]LogModuleManager: Shutting down and abandoning module SteamVR (72)
[2019.05.15-19.51.15:174][768]LogHMD: Freeing OpenVRDLLHandle.
[2019.05.15-19.51.15:174][768]LogModuleManager: Shutting down and abandoning module OculusHMD (70)
[2019.05.15-19.51.15:174][768]LogModuleManager: Shutting down and abandoning module ExampleDeviceProfileSelector (68)
[2019.05.15-19.51.15:174][768]LogModuleManager: Shutting down and abandoning module LauncherChunkInstaller (66)
[2019.05.15-19.51.15:174][768]LogModuleManager: Shutting down and abandoning module OnlineBlueprintSupport (64)
[2019.05.15-19.51.15:174][768]LogModuleManager: Shutting down and abandoning module OnlineSubsystem (60)
[2019.05.15-19.51.15:175][768]LogModuleManager: Shutting down and abandoning module XMPP (55)
[2019.05.15-19.51.15:175][768]LogModuleManager: Shutting down and abandoning module WebSockets (54)
[2019.05.15-19.51.15:186][768]LogModuleManager: Shutting down and abandoning module HTTP (51)
[2019.05.15-19.51.15:186][768]LogHttp: Display: Http module shutting down, but needs to wait on 1 outstanding Http requests:
[2019.05.15-19.51.15:186][768]LogHttp: Display: 	verb=[POST] url=[https://datarouter.ol.epicgames.com/datarouter/api/v1/public/data?SessionID=%7B72C6F2D2-4551-5A95-5C7B-288995CF29CB%7D&AppID=UEEditor.Rocket.Release&AppVersion=4.22.1-6063286%2B%2B%2BUE4%2BRelease-4.22&UserID=8d2a245e4dec65c78927b8ab8cedbdea%7C8d8ea8b09ac5491eadce0a734734a1ad%7C6a0278d5-edea-4948-ad9e-50c7d02c743e&AppEnvironment=datacollector-binary&UploadType=eteventstream] status=Processing
[2019.05.15-19.51.15:201][768]LogModuleManager: Shutting down and abandoning module SSL (50)
[2019.05.15-19.51.15:202][768]LogModuleManager: Shutting down and abandoning module WmfMedia (46)
[2019.05.15-19.51.15:204][768]LogModuleManager: Shutting down and abandoning module Media (45)
[2019.05.15-19.51.15:211][768]LogModuleManager: Shutting down and abandoning module MagicLeap (42)
[2019.05.15-19.51.15:211][768]LogModuleManager: Shutting down and abandoning module DatasmithContent (40)
[2019.05.15-19.51.15:211][768]LogModuleManager: Shutting down and abandoning module AnimationModifiers (38)
[2019.05.15-19.51.15:211][768]LogModuleManager: Shutting down and abandoning module PropertyEditor (37)
[2019.05.15-19.51.15:211][768]LogModuleManager: Shutting down and abandoning module AudioEditor (34)
[2019.05.15-19.51.15:212][768]LogModuleManager: Shutting down and abandoning module TextureCompressor (32)
[2019.05.15-19.51.15:212][768]LogModuleManager: Shutting down and abandoning module RenderCore (30)
[2019.05.15-19.51.15:212][768]LogModuleManager: Shutting down and abandoning module Landscape (28)
[2019.05.15-19.51.15:212][768]LogModuleManager: Shutting down and abandoning module SlateRHIRenderer (26)
[2019.05.15-19.51.15:212][768]LogModuleManager: Shutting down and abandoning module OpenGLDrv (24)
[2019.05.15-19.51.15:212][768]LogModuleManager: Shutting down and abandoning module D3D11RHI (22)
[2019.05.15-19.51.15:212][768]LogModuleManager: Shutting down and abandoning module AnimGraphRuntime (20)
[2019.05.15-19.51.15:212][768]LogModuleManager: Shutting down and abandoning module Renderer (18)
[2019.05.15-19.51.15:212][768]LogModuleManager: Shutting down and abandoning module Engine (16)
[2019.05.15-19.51.15:212][768]LogModuleManager: Shutting down and abandoning module CoreUObject (14)
[2019.05.15-19.51.15:212][768]LogModuleManager: Shutting down and abandoning module NetworkFile (12)
[2019.05.15-19.51.15:212][768]LogModuleManager: Shutting down and abandoning module CookedIterativeFile (10)
[2019.05.15-19.51.15:212][768]LogModuleManager: Shutting down and abandoning module StreamingFile (8)
[2019.05.15-19.51.15:212][768]LogModuleManager: Shutting down and abandoning module SandboxFile (6)
[2019.05.15-19.51.15:212][768]LogModuleManager: Shutting down and abandoning module PakFile (4)
[2019.05.15-19.51.15:212][768]LogModuleManager: Shutting down and abandoning module RSA (3)
[2019.05.15-19.51.15:223][768]LogExit: Exiting.
[2019.05.15-19.51.15:236][768]Log file closed, 05/15/19 21:51:15
